[91m[ERROR] Receiver has following arguments: stats_filename is stats_rec.csv, listen_ip is ::, listen_port is 8088[0m
[91m[ERROR] This is not an error, now let's code![0m
Packet received
Processing ... 
In window! Answering ... 
Printed packet 0 payload
ACK sent -> 1

	******

Packet received
Processing ... 
In window! Answering ... 
Printed packet 1 payload
ACK sent -> 2

	******

Packet received
Processing ... 
In window! Answering ... 
Printed packet 2 payload
ACK sent -> 3

	******

Packet received
Processing ... 
In window! Answering ... 
Printed packet 3 payload
ACK sent -> 4

	******

Packet received
Processing ... 
In window! Answering ... 
Printed packet 4 payload
ACK sent -> 5

	******

Packet received
Processing ... 
In window! Answering ... 
Printed packet 5 payload
ACK sent -> 6

	******

Packet received
Processing ... 
In window! Answering ... 
Printed packet 6 payload
ACK sent -> 7

	******

Packet received
Processing ... 
In window! Answering ... 
Printed packet 7 payload
ACK sent -> 8

	******

Packet received
Processing ... 
In window! Answering ... 
Printed packet 8 payload
ACK sent -> 9

	******

Packet received
Processing ... 
In window! Answering ... 
Printed packet 9 payload
ACK sent -> 10

	******

Packet received
Processing ... 
In window! Answering ... 
Printed packet 10 payload
ACK sent -> 11

	******

Packet received
Processing ... 
In window! Answering ... 
Printed packet 11 payload
ACK sent -> 12

	******

Packet received
Processing ... 
In window! Answering ... 
Printed packet 12 payload
ACK sent -> 13

	******

Packet received
Processing ... 
In window! Answering ... 
Printed packet 13 payload
ACK sent -> 14

	******

Packet received
Processing ... 
In window! Answering ... 
Printed packet 14 payload
ACK sent -> 15

	******

Packet received
Processing ... 
In window! Answering ... 
Printed packet 15 payload
ACK sent -> 16

	******

Packet received
Processing ... 
In window! Answering ... 
Printed packet 16 payload
ACK sent -> 17

	******

Packet received
Processing ... 
In window! Answering ... 
Printed packet 17 payload
ACK sent -> 18

	******

Packet received
Processing ... 
In window! Answering ... 
Printed packet 18 payload
ACK sent -> 19

	******

Packet received
Processing ... 
In window! Answering ... 
Printed packet 19 payload
ACK sent -> 20

	******

Packet received
Processing ... 
In window! Answering ... 
Printed packet 20 payload
ACK sent -> 21

	******

Packet received
Processing ... 
In window! Answering ... 
Printed packet 21 payload
ACK sent -> 22

	******

Packet received
Processing ... 
In window! Answering ... 
Printed packet 22 payload
ACK sent -> 23

	******

Packet received
Processing ... 
In window! Answering ... 
Printed packet 23 payload
ACK sent -> 24

	******

Packet received
Processing ... 
In window! Answering ... 
Printed packet 24 payload
ACK sent -> 25

	******

Packet received
Processing ... 
In window! Answering ... 
Printed packet 25 payload
ACK sent -> 26

	******

Packet received
Processing ... 
In window! Answering ... 
Printed packet 26 payload
ACK sent -> 27

	******

Packet received
Processing ... 
In window! Answering ... 
Printed packet 27 payload
ACK sent -> 28

	******

Packet received
Processing ... 
In window! Answering ... 
Printed packet 28 payload
ACK sent -> 29

	******

Packet received
Processing ... 
In window! Answering ... 
Printed packet 29 payload
ACK sent -> 30

	******

Packet received
Processing ... 
In window! Answering ... 
Printed packet 30 payload
ACK sent -> 31

	******

Packet received
Processing ... 
In window! Answering ... 
Printed packet 31 payload
ACK sent -> 32

	******

Packet received
Processing ... 
In window! Answering ... 
Printed packet 32 payload
ACK sent -> 33

	******

Packet received
Processing ... 
In window! Answering ... 
Printed packet 33 payload
ACK sent -> 34

	******

Packet received
Processing ... 
In window! Answering ... 
Printed packet 34 payload
ACK sent -> 35

	******

Packet received
Processing ... 
In window! Answering ... 
Printed packet 35 payload
ACK sent -> 36

	******

Packet received
Processing ... 
In window! Answering ... 
Printed packet 36 payload
ACK sent -> 37

	******

Packet received
Processing ... 
In window! Answering ... 
Printed packet 37 payload
ACK sent -> 38

	******

Packet received
Processing ... 
In window! Answering ... 
Printed packet 38 payload
ACK sent -> 39

	******

Packet received
Processing ... 
In window! Answering ... 
Printed packet 39 payload
ACK sent -> 40

	******

Packet received
Processing ... 
In window! Answering ... 
Printed packet 40 payload
ACK sent -> 41

	******

Packet received
Processing ... 
In window! Answering ... 
Printed packet 41 payload
ACK sent -> 42

	******

Packet received
Processing ... 
In window! Answering ... 
Printed packet 42 payload
ACK sent -> 43

	******

Packet received
Processing ... 
In window! Answering ... 
Printed packet 43 payload
ACK sent -> 44

	******

Packet received
Processing ... 
In window! Answering ... 
Printed packet 44 payload
ACK sent -> 45

	******

Packet received
Processing ... 
In window! Answering ... 
Printed packet 45 payload
ACK sent -> 46

	******

Packet received
Processing ... 
In window! Answering ... 
Printed packet 46 payload
ACK sent -> 47

	******

Packet received
Processing ... 
In window! Answering ... 
Printed packet 47 payload
ACK sent -> 48

	******

Packet received
Processing ... 
In window! Answering ... 
Printed packet 48 payload
ACK sent -> 49

	******

Packet received
Processing ... 
In window! Answering ... 
Printed packet 49 payload
ACK sent -> 50

	******

Packet received
Processing ... 
In window! Answering ... 
Printed packet 50 payload
ACK sent -> 51

	******

Packet received

	******

Final packet received correctly
