[91m[ERROR] Receiver has following arguments: stats_filename is stats_rec.csv, listen_ip is ::, listen_port is 12345[0m
[91m[ERROR] This is not an error, now let's code![0m
Packet received
Processing ... 
In window! Answering ... 
Printed packet 0 payload
ACK sent -> 1

	******

Packet received
Processing ... 
In window! Answering ... 
Printed packet 1 payload
ACK sent -> 2

	******

Packet received
Processing ... 
In window! Answering ... 
Printed packet 2 payload
ACK sent -> 3

	******

Packet received
Processing ... 
In window! Answering ... 
Printed packet 3 payload
ACK sent -> 4

	******

Packet received
Processing ... 
In window! Answering ... 
Printed packet 4 payload
ACK sent -> 5

	******

Packet received
Processing ... 
In window! Answering ... 
Printed packet 5 payload
ACK sent -> 6

	******

Packet received
Processing ... 
In window! Answering ... 
Printed packet 6 payload
ACK sent -> 7

	******

Packet received
Processing ... 
In window! Answering ... 
Printed packet 7 payload
ACK sent -> 8

	******

Packet received
Processing ... 
In window! Answering ... 
Printed packet 8 payload
ACK sent -> 9

	******

Packet received
Processing ... 
In window! Answering ... 
Printed packet 9 payload
ACK sent -> 10

	******

Packet received
Processing ... 
In window! Answering ... 
Printed packet 10 payload
ACK sent -> 11

	******

Packet received
Processing ... 
In window! Answering ... 
Printed packet 11 payload
ACK sent -> 12

	******

Packet received
Processing ... 
In window! Answering ... 
Printed packet 12 payload
ACK sent -> 13

	******

Packet received
Processing ... 
In window! Answering ... 
Printed packet 13 payload
ACK sent -> 14

	******

Packet received
Processing ... 
In window! Answering ... 
Printed packet 14 payload
ACK sent -> 15

	******

Packet received
Processing ... 
In window! Answering ... 
Printed packet 15 payload
ACK sent -> 16

	******

Packet received
Processing ... 
In window! Answering ... 
Printed packet 16 payload
ACK sent -> 17

	******

Packet received
Processing ... 
In window! Answering ... 
Printed packet 17 payload
ACK sent -> 18

	******

Packet received
Processing ... 
In window! Answering ... 
Printed packet 18 payload
ACK sent -> 19

	******

Packet received
Processing ... 
In window! Answering ... 
Printed packet 19 payload
ACK sent -> 20

	******

Packet received
Processing ... 
In window! Answering ... 
Printed packet 20 payload
ACK sent -> 21

	******

Packet received
Processing ... 
In window! Answering ... 
Printed packet 21 payload
ACK sent -> 22

	******

Packet received
Processing ... 
In window! Answering ... 
Printed packet 22 payload
ACK sent -> 23

	******

Packet received
Processing ... 
In window! Answering ... 
Printed packet 23 payload
ACK sent -> 24

	******

Packet received
Processing ... 
In window! Answering ... 
Printed packet 24 payload
ACK sent -> 25

	******

Packet received
Processing ... 
In window! Answering ... 
Printed packet 25 payload
ACK sent -> 26

	******

Packet received
Processing ... 
In window! Answering ... 
Printed packet 26 payload
ACK sent -> 27

	******

Packet received
Processing ... 
In window! Answering ... 
Printed packet 27 payload
ACK sent -> 28

	******

Packet received
Processing ... 
In window! Answering ... 
Printed packet 28 payload
ACK sent -> 29

	******

Packet received
Processing ... 
In window! Answering ... 
Printed packet 29 payload
ACK sent -> 30

	******

Packet received
Processing ... 
In window! Answering ... 
Printed packet 30 payload
ACK sent -> 31

	******

Packet received
Processing ... 
In window! Answering ... 
Printed packet 31 payload
ACK sent -> 32

	******

Packet received
Processing ... 
In window! Answering ... 
Printed packet 32 payload
ACK sent -> 33

	******

Packet received
Processing ... 
In window! Answering ... 
Printed packet 33 payload
ACK sent -> 34

	******

Packet received
Processing ... 
In window! Answering ... 
Printed packet 34 payload
ACK sent -> 35

	******

Packet received
Processing ... 
In window! Answering ... 
Printed packet 35 payload
ACK sent -> 36

	******

Packet received
Processing ... 
In window! Answering ... 
Printed packet 36 payload
ACK sent -> 37

	******

Packet received
Processing ... 
In window! Answering ... 
Printed packet 37 payload
ACK sent -> 38

	******

Packet received
Processing ... 
In window! Answering ... 
Printed packet 38 payload
ACK sent -> 39

	******

Packet received
Processing ... 
In window! Answering ... 
Printed packet 39 payload
ACK sent -> 40

	******

Packet received
Processing ... 
In window! Answering ... 
Printed packet 40 payload
ACK sent -> 41

	******

Packet received
Processing ... 
In window! Answering ... 
Printed packet 41 payload
ACK sent -> 42

	******

Packet received
Processing ... 
In window! Answering ... 
Printed packet 42 payload
ACK sent -> 43

	******

Packet received
Processing ... 
In window! Answering ... 
Printed packet 43 payload
ACK sent -> 44

	******

Packet received
Processing ... 
In window! Answering ... 
Printed packet 44 payload
ACK sent -> 45

	******

Packet received
Processing ... 
In window! Answering ... 
Printed packet 45 payload
ACK sent -> 46

	******

Packet received
Processing ... 
In window! Answering ... 
Printed packet 46 payload
ACK sent -> 47

	******

Packet received
Processing ... 
In window! Answering ... 
Printed packet 47 payload
ACK sent -> 48

	******

Packet received
Processing ... 
In window! Answering ... 
Printed packet 48 payload
ACK sent -> 49

	******

Packet received
Processing ... 
In window! Answering ... 
Printed packet 49 payload
ACK sent -> 50

	******

Packet received
Processing ... 
In window! Answering ... 
Printed packet 50 payload
ACK sent -> 51

	******

Packet received
Processing ... 
In window! Answering ... 
Printed packet 51 payload
ACK sent -> 52

	******

Packet received
Processing ... 
In window! Answering ... 
Printed packet 52 payload
ACK sent -> 53

	******

Packet received
Processing ... 
In window! Answering ... 
Printed packet 53 payload
ACK sent -> 54

	******

Packet received
Processing ... 
In window! Answering ... 
Printed packet 54 payload
ACK sent -> 55

	******

Packet received
Processing ... 
In window! Answering ... 
Printed packet 55 payload
ACK sent -> 56

	******

Packet received
Processing ... 
In window! Answering ... 
Printed packet 56 payload
ACK sent -> 57

	******

Packet received
Processing ... 
In window! Answering ... 
Printed packet 57 payload
ACK sent -> 58

	******

Packet received
Processing ... 
In window! Answering ... 
Printed packet 58 payload
ACK sent -> 59

	******

Packet received
Processing ... 
In window! Answering ... 
Printed packet 59 payload
ACK sent -> 60

	******

Packet received
Processing ... 
In window! Answering ... 
Printed packet 60 payload
ACK sent -> 61

	******

Packet received
Processing ... 
In window! Answering ... 
Printed packet 61 payload
ACK sent -> 62

	******

Packet received
Processing ... 
In window! Answering ... 
Printed packet 62 payload
ACK sent -> 63

	******

Packet received
Processing ... 
In window! Answering ... 
Printed packet 63 payload
ACK sent -> 64

	******

Packet received
Processing ... 
In window! Answering ... 
Printed packet 64 payload
ACK sent -> 65

	******

Packet received
Processing ... 
In window! Answering ... 
Printed packet 65 payload
ACK sent -> 66

	******

Packet received
Processing ... 
In window! Answering ... 
Printed packet 66 payload
ACK sent -> 67

	******

Packet received
Processing ... 
In window! Answering ... 
Printed packet 67 payload
ACK sent -> 68

	******

Packet received
Processing ... 
In window! Answering ... 
Printed packet 68 payload
ACK sent -> 69

	******

Packet received
Processing ... 
In window! Answering ... 
Printed packet 69 payload
ACK sent -> 70

	******

Packet received
Processing ... 
In window! Answering ... 
Printed packet 70 payload
ACK sent -> 71

	******

Packet received
Processing ... 
In window! Answering ... 
Printed packet 71 payload
ACK sent -> 72

	******

Packet received
Processing ... 
In window! Answering ... 
Printed packet 72 payload
ACK sent -> 73

	******

Packet received
Processing ... 
In window! Answering ... 
Printed packet 73 payload
ACK sent -> 74

	******

Packet received
Processing ... 
In window! Answering ... 
Printed packet 74 payload
ACK sent -> 75

	******

Packet received
Processing ... 
In window! Answering ... 
Printed packet 75 payload
ACK sent -> 76

	******

Packet received
Processing ... 
In window! Answering ... 
Printed packet 76 payload
ACK sent -> 77

	******

Packet received
Processing ... 
In window! Answering ... 
Printed packet 77 payload
ACK sent -> 78

	******

Packet received
Processing ... 
In window! Answering ... 
Printed packet 78 payload
ACK sent -> 79

	******

Packet received
Processing ... 
In window! Answering ... 
Printed packet 79 payload
ACK sent -> 80

	******

Packet received
Processing ... 
In window! Answering ... 
Printed packet 80 payload
ACK sent -> 81

	******

Packet received
Processing ... 
In window! Answering ... 
Printed packet 81 payload
ACK sent -> 82

	******

Packet received
Processing ... 
In window! Answering ... 
Printed packet 82 payload
ACK sent -> 83

	******

Packet received
Processing ... 
In window! Answering ... 
Printed packet 83 payload
ACK sent -> 84

	******

Packet received
Processing ... 
In window! Answering ... 
Printed packet 84 payload
ACK sent -> 85

	******

Packet received
Processing ... 
In window! Answering ... 
Printed packet 85 payload
ACK sent -> 86

	******

Packet received
Processing ... 
In window! Answering ... 
Printed packet 86 payload
ACK sent -> 87

	******

Packet received
Processing ... 
In window! Answering ... 
Printed packet 87 payload
ACK sent -> 88

	******

Packet received
Processing ... 
In window! Answering ... 
Printed packet 88 payload
ACK sent -> 89

	******

Packet received
Processing ... 
In window! Answering ... 
Printed packet 89 payload
ACK sent -> 90

	******

Packet received
Processing ... 
In window! Answering ... 
Printed packet 90 payload
ACK sent -> 91

	******

Packet received
Processing ... 
In window! Answering ... 
Printed packet 91 payload
ACK sent -> 92

	******

Packet received
Processing ... 
In window! Answering ... 
Printed packet 92 payload
ACK sent -> 93

	******

Packet received
Processing ... 
In window! Answering ... 
Printed packet 93 payload
ACK sent -> 94

	******

Packet received
Processing ... 
In window! Answering ... 
Printed packet 94 payload
ACK sent -> 95

	******

Packet received
Processing ... 
In window! Answering ... 
Printed packet 95 payload
ACK sent -> 96

	******

Packet received
Processing ... 
In window! Answering ... 
Printed packet 96 payload
ACK sent -> 97

	******

Packet received
Processing ... 
In window! Answering ... 
Printed packet 97 payload
ACK sent -> 98

	******

Packet received
Processing ... 
In window! Answering ... 
Printed packet 98 payload
ACK sent -> 99

	******

Packet received
Processing ... 
In window! Answering ... 
Printed packet 99 payload
ACK sent -> 100

	******

Packet received
Processing ... 
In window! Answering ... 
Printed packet 100 payload
ACK sent -> 101

	******

Packet received
Processing ... 
In window! Answering ... 
Printed packet 101 payload
ACK sent -> 102

	******

Packet received
Processing ... 
In window! Answering ... 
Printed packet 102 payload
ACK sent -> 103

	******

Packet received
Processing ... 
In window! Answering ... 
Printed packet 103 payload
ACK sent -> 104

	******

Packet received
Processing ... 
In window! Answering ... 
Printed packet 104 payload
ACK sent -> 105

	******

Packet received
Processing ... 
In window! Answering ... 
Printed packet 105 payload
ACK sent -> 106

	******

Packet received
Processing ... 
In window! Answering ... 
Printed packet 106 payload
ACK sent -> 107

	******

Packet received
Processing ... 
In window! Answering ... 
Printed packet 107 payload
ACK sent -> 108

	******

Packet received
Processing ... 
In window! Answering ... 
Printed packet 108 payload
ACK sent -> 109

	******

Packet received
Processing ... 
In window! Answering ... 
Printed packet 109 payload
ACK sent -> 110

	******

Packet received
Processing ... 
In window! Answering ... 
Printed packet 110 payload
ACK sent -> 111

	******

Packet received
Processing ... 
In window! Answering ... 
Printed packet 111 payload
ACK sent -> 112

	******

Packet received
Processing ... 
In window! Answering ... 
Printed packet 112 payload
ACK sent -> 113

	******

Packet received
Processing ... 
In window! Answering ... 
Printed packet 113 payload
ACK sent -> 114

	******

Packet received
Processing ... 
In window! Answering ... 
Printed packet 114 payload
ACK sent -> 115

	******

Packet received
Processing ... 
In window! Answering ... 
Printed packet 115 payload
ACK sent -> 116

	******

Packet received
Processing ... 
In window! Answering ... 
Printed packet 116 payload
ACK sent -> 117

	******

Packet received
Processing ... 
In window! Answering ... 
Printed packet 117 payload
ACK sent -> 118

	******

Packet received
Processing ... 
In window! Answering ... 
Printed packet 118 payload
ACK sent -> 119

	******

Packet received
Processing ... 
In window! Answering ... 
Printed packet 119 payload
ACK sent -> 120

	******

Packet received
Processing ... 
In window! Answering ... 
Printed packet 120 payload
ACK sent -> 121

	******

Packet received
Processing ... 
In window! Answering ... 
Printed packet 121 payload
ACK sent -> 122

	******

Packet received
Processing ... 
In window! Answering ... 
Printed packet 122 payload
ACK sent -> 123

	******

Packet received
Processing ... 
In window! Answering ... 
Printed packet 123 payload
ACK sent -> 124

	******

Packet received
Processing ... 
In window! Answering ... 
Printed packet 124 payload
ACK sent -> 125

	******

Packet received
Processing ... 
In window! Answering ... 
Printed packet 125 payload
ACK sent -> 126

	******

Packet received
Processing ... 
In window! Answering ... 
Printed packet 126 payload
ACK sent -> 127

	******

Packet received
Processing ... 
In window! Answering ... 
Printed packet 127 payload
ACK sent -> 128

	******

Packet received
Processing ... 
In window! Answering ... 
Printed packet 128 payload
ACK sent -> 129

	******

Packet received
Processing ... 
In window! Answering ... 
Printed packet 129 payload
ACK sent -> 130

	******

Packet received
Processing ... 
In window! Answering ... 
Printed packet 130 payload
ACK sent -> 131

	******

Packet received
Processing ... 
In window! Answering ... 
Printed packet 131 payload
ACK sent -> 132

	******

Packet received
Processing ... 
In window! Answering ... 
Printed packet 132 payload
ACK sent -> 133

	******

Packet received
Processing ... 
In window! Answering ... 
Printed packet 133 payload
ACK sent -> 134

	******

Packet received
Processing ... 
In window! Answering ... 
Printed packet 134 payload
ACK sent -> 135

	******

Packet received
Processing ... 
In window! Answering ... 
Printed packet 135 payload
ACK sent -> 136

	******

Packet received
Processing ... 
In window! Answering ... 
Printed packet 136 payload
ACK sent -> 137

	******

Packet received
Processing ... 
In window! Answering ... 
Printed packet 137 payload
ACK sent -> 138

	******

Packet received
Processing ... 
In window! Answering ... 
Printed packet 138 payload
ACK sent -> 139

	******

Packet received
Processing ... 
In window! Answering ... 
Printed packet 139 payload
ACK sent -> 140

	******

Packet received
Processing ... 
In window! Answering ... 
Printed packet 140 payload
ACK sent -> 141

	******

Packet received
Processing ... 
In window! Answering ... 
Printed packet 141 payload
ACK sent -> 142

	******

Packet received
Processing ... 
In window! Answering ... 
Printed packet 142 payload
ACK sent -> 143

	******

Packet received
Processing ... 
In window! Answering ... 
Printed packet 143 payload
ACK sent -> 144

	******

Packet received
Processing ... 
In window! Answering ... 
Printed packet 144 payload
ACK sent -> 145

	******

Packet received
Processing ... 
In window! Answering ... 
Printed packet 145 payload
ACK sent -> 146

	******

Packet received
Processing ... 
In window! Answering ... 
Printed packet 146 payload
ACK sent -> 147

	******

Packet received
Processing ... 
In window! Answering ... 
Printed packet 147 payload
ACK sent -> 148

	******

Packet received
Processing ... 
In window! Answering ... 
Printed packet 148 payload
ACK sent -> 149

	******

Packet received
Processing ... 
In window! Answering ... 
Printed packet 149 payload
ACK sent -> 150

	******

Packet received
Processing ... 
In window! Answering ... 
Printed packet 150 payload
ACK sent -> 151

	******

Packet received
Processing ... 
In window! Answering ... 
Printed packet 151 payload
ACK sent -> 152

	******

Packet received
Processing ... 
In window! Answering ... 
Printed packet 152 payload
ACK sent -> 153

	******

Packet received
Processing ... 
In window! Answering ... 
Printed packet 153 payload
ACK sent -> 154

	******

Packet received
Processing ... 
In window! Answering ... 
Printed packet 154 payload
ACK sent -> 155

	******

Packet received
Processing ... 
In window! Answering ... 
Printed packet 155 payload
ACK sent -> 156

	******

Packet received
Processing ... 
In window! Answering ... 
Printed packet 156 payload
ACK sent -> 157

	******

Packet received
Processing ... 
In window! Answering ... 
Printed packet 157 payload
ACK sent -> 158

	******

Packet received
Processing ... 
In window! Answering ... 
Printed packet 158 payload
ACK sent -> 159

	******

Packet received
Processing ... 
In window! Answering ... 
Printed packet 159 payload
ACK sent -> 160

	******

Packet received
Processing ... 
In window! Answering ... 
Printed packet 160 payload
ACK sent -> 161

	******

Packet received
Processing ... 
In window! Answering ... 
Printed packet 161 payload
ACK sent -> 162

	******

Packet received
Processing ... 
In window! Answering ... 
Printed packet 162 payload
ACK sent -> 163

	******

Packet received
Processing ... 
In window! Answering ... 
Printed packet 163 payload
ACK sent -> 164

	******

Packet received
Processing ... 
In window! Answering ... 
Printed packet 164 payload
ACK sent -> 165

	******

Packet received
Processing ... 
In window! Answering ... 
Printed packet 165 payload
ACK sent -> 166

	******

Packet received
Processing ... 
In window! Answering ... 
Printed packet 166 payload
ACK sent -> 167

	******

Packet received
Processing ... 
In window! Answering ... 
Printed packet 167 payload
ACK sent -> 168

	******

Packet received
Processing ... 
In window! Answering ... 
Printed packet 168 payload
ACK sent -> 169

	******

Packet received
Processing ... 
In window! Answering ... 
Printed packet 169 payload
ACK sent -> 170

	******

Packet received
Processing ... 
In window! Answering ... 
Printed packet 170 payload
ACK sent -> 171

	******

Packet received
Processing ... 
In window! Answering ... 
Printed packet 171 payload
ACK sent -> 172

	******

Packet received
Processing ... 
In window! Answering ... 
Printed packet 172 payload
ACK sent -> 173

	******

Packet received
Processing ... 
In window! Answering ... 
Printed packet 173 payload
ACK sent -> 174

	******

Packet received
Processing ... 
In window! Answering ... 
Printed packet 174 payload
ACK sent -> 175

	******

Packet received
Processing ... 
In window! Answering ... 
Printed packet 175 payload
ACK sent -> 176

	******

Packet received
Processing ... 
In window! Answering ... 
Printed packet 176 payload
ACK sent -> 177

	******

Packet received
Processing ... 
In window! Answering ... 
Printed packet 177 payload
ACK sent -> 178

	******

Packet received
Processing ... 
In window! Answering ... 
Printed packet 178 payload
ACK sent -> 179

	******

Packet received
Processing ... 
In window! Answering ... 
Printed packet 179 payload
ACK sent -> 180

	******

Packet received
Processing ... 
In window! Answering ... 
Printed packet 180 payload
ACK sent -> 181

	******

Packet received
Processing ... 
In window! Answering ... 
Printed packet 181 payload
ACK sent -> 182

	******

Packet received
Processing ... 
In window! Answering ... 
Printed packet 182 payload
ACK sent -> 183

	******

Packet received
Processing ... 
In window! Answering ... 
Printed packet 183 payload
ACK sent -> 184

	******

Packet received
Processing ... 
In window! Answering ... 
Printed packet 184 payload
ACK sent -> 185

	******

Packet received
Processing ... 
In window! Answering ... 
Printed packet 185 payload
ACK sent -> 186

	******

Packet received
Processing ... 
In window! Answering ... 
Printed packet 186 payload
ACK sent -> 187

	******

Packet received
Processing ... 
In window! Answering ... 
Printed packet 187 payload
ACK sent -> 188

	******

Packet received
Processing ... 
In window! Answering ... 
Printed packet 188 payload
ACK sent -> 189

	******

Packet received
Processing ... 
In window! Answering ... 
Printed packet 189 payload
ACK sent -> 190

	******

Packet received
Processing ... 
In window! Answering ... 
Printed packet 190 payload
ACK sent -> 191

	******

Packet received
Processing ... 
In window! Answering ... 
Printed packet 191 payload
ACK sent -> 192

	******

Packet received
Processing ... 
In window! Answering ... 
Printed packet 192 payload
ACK sent -> 193

	******

Packet received
Processing ... 
In window! Answering ... 
Printed packet 193 payload
ACK sent -> 194

	******

Packet received
Processing ... 
In window! Answering ... 
Printed packet 194 payload
ACK sent -> 195

	******

Packet received
Processing ... 
In window! Answering ... 
Printed packet 195 payload
ACK sent -> 196

	******

Packet received
Processing ... 
In window! Answering ... 
Printed packet 196 payload
ACK sent -> 197

	******

Packet received
Processing ... 
In window! Answering ... 
Printed packet 197 payload
ACK sent -> 198

	******

Packet received
Processing ... 
In window! Answering ... 
Printed packet 198 payload
ACK sent -> 199

	******

Packet received
Processing ... 
In window! Answering ... 
Printed packet 199 payload
ACK sent -> 200

	******

Packet received
Processing ... 
In window! Answering ... 
Printed packet 200 payload
ACK sent -> 201

	******

Packet received
Processing ... 
In window! Answering ... 
Printed packet 201 payload
ACK sent -> 202

	******

Packet received
Processing ... 
In window! Answering ... 
Printed packet 202 payload
ACK sent -> 203

	******

Packet received
Processing ... 
In window! Answering ... 
Printed packet 203 payload
ACK sent -> 204

	******

Packet received
Processing ... 
In window! Answering ... 
Printed packet 204 payload
ACK sent -> 205

	******

Packet received
Processing ... 
In window! Answering ... 
Printed packet 205 payload
ACK sent -> 206

	******

Packet received
Processing ... 
In window! Answering ... 
Printed packet 206 payload
ACK sent -> 207

	******

Packet received
Processing ... 
In window! Answering ... 
Printed packet 207 payload
ACK sent -> 208

	******

Packet received
Processing ... 
In window! Answering ... 
Printed packet 208 payload
ACK sent -> 209

	******

Packet received
Processing ... 
In window! Answering ... 
Printed packet 209 payload
ACK sent -> 210

	******

Packet received
Processing ... 
In window! Answering ... 
Printed packet 210 payload
ACK sent -> 211

	******

Packet received
Processing ... 
In window! Answering ... 
Printed packet 211 payload
ACK sent -> 212

	******

Packet received
Processing ... 
In window! Answering ... 
Printed packet 212 payload
ACK sent -> 213

	******

Packet received
Processing ... 
In window! Answering ... 
Printed packet 213 payload
ACK sent -> 214

	******

Packet received
Processing ... 
In window! Answering ... 
Printed packet 214 payload
ACK sent -> 215

	******

Packet received
Processing ... 
In window! Answering ... 
Printed packet 215 payload
ACK sent -> 216

	******

Packet received
Processing ... 
In window! Answering ... 
Printed packet 216 payload
ACK sent -> 217

	******

Packet received
Processing ... 
In window! Answering ... 
Printed packet 217 payload
ACK sent -> 218

	******

Packet received
Processing ... 
In window! Answering ... 
Printed packet 218 payload
ACK sent -> 219

	******

Packet received
Processing ... 
In window! Answering ... 
Printed packet 219 payload
ACK sent -> 220

	******

Packet received
Processing ... 
In window! Answering ... 
Printed packet 220 payload
ACK sent -> 221

	******

Packet received
Processing ... 
In window! Answering ... 
Printed packet 221 payload
ACK sent -> 222

	******

Packet received
Processing ... 
In window! Answering ... 
Printed packet 222 payload
ACK sent -> 223

	******

Packet received
Processing ... 
In window! Answering ... 
Printed packet 223 payload
ACK sent -> 224

	******

Packet received
Processing ... 
In window! Answering ... 
Printed packet 224 payload
ACK sent -> 225

	******

Packet received
Processing ... 
In window! Answering ... 
Printed packet 225 payload
ACK sent -> 226

	******

Packet received
Processing ... 
In window! Answering ... 
Printed packet 226 payload
ACK sent -> 227

	******

Packet received
Processing ... 
In window! Answering ... 
Printed packet 227 payload
ACK sent -> 228

	******

Packet received
Processing ... 
In window! Answering ... 
Printed packet 228 payload
ACK sent -> 229

	******

Packet received
Processing ... 
In window! Answering ... 
Printed packet 229 payload
ACK sent -> 230

	******

Packet received
Processing ... 
In window! Answering ... 
Printed packet 230 payload
ACK sent -> 231

	******

Packet received
Processing ... 
In window! Answering ... 
Printed packet 231 payload
ACK sent -> 232

	******

Packet received
Processing ... 
In window! Answering ... 
Printed packet 232 payload
ACK sent -> 233

	******

Packet received
Processing ... 
In window! Answering ... 
Printed packet 233 payload
ACK sent -> 234

	******

Packet received
Processing ... 
In window! Answering ... 
Printed packet 234 payload
ACK sent -> 235

	******

Packet received
Processing ... 
In window! Answering ... 
Printed packet 235 payload
ACK sent -> 236

	******

Packet received
Processing ... 
In window! Answering ... 
Printed packet 236 payload
ACK sent -> 237

	******

Packet received
Processing ... 
In window! Answering ... 
Printed packet 237 payload
ACK sent -> 238

	******

Packet received
Processing ... 
In window! Answering ... 
Printed packet 238 payload
ACK sent -> 239

	******

Packet received
Processing ... 
In window! Answering ... 
Printed packet 239 payload
ACK sent -> 240

	******

Packet received
Processing ... 
In window! Answering ... 
Printed packet 240 payload
ACK sent -> 241

	******

Packet received
Processing ... 
In window! Answering ... 
Printed packet 241 payload
ACK sent -> 242

	******

Packet received
Processing ... 
In window! Answering ... 
Printed packet 242 payload
ACK sent -> 243

	******

Packet received
Processing ... 
In window! Answering ... 
Printed packet 243 payload
ACK sent -> 244

	******

Packet received
Processing ... 
In window! Answering ... 
Printed packet 244 payload
ACK sent -> 245

	******

Packet received
Processing ... 
In window! Answering ... 
Printed packet 245 payload
ACK sent -> 246

	******

Packet received
Processing ... 
In window! Answering ... 
Printed packet 246 payload
ACK sent -> 247

	******

Packet received
Processing ... 
In window! Answering ... 
Printed packet 247 payload
ACK sent -> 248

	******

Packet received
Processing ... 
In window! Answering ... 
Printed packet 248 payload
ACK sent -> 249

	******

Packet received
Processing ... 
In window! Answering ... 
Printed packet 249 payload
ACK sent -> 250

	******

Packet received
Processing ... 
In window! Answering ... 
Printed packet 250 payload
ACK sent -> 251

	******

Packet received
Processing ... 
In window! Answering ... 
Printed packet 251 payload
ACK sent -> 252

	******

Packet received
Processing ... 
In window! Answering ... 
Printed packet 252 payload
ACK sent -> 253

	******

Packet received
Processing ... 
In window! Answering ... 
Printed packet 253 payload
ACK sent -> 254

	******

Packet received
Processing ... 
In window! Answering ... 
Printed packet 254 payload
ACK sent -> 255

	******

Packet received
Processing ... 
In window! Answering ... 
Printed packet 255 payload
ACK sent -> 0

	******

Packet received
Processing ... 
In window! Answering ... 
Printed packet 0 payload
ACK sent -> 1

	******

Packet received
Processing ... 
In window! Answering ... 
Printed packet 1 payload
ACK sent -> 2

	******

Packet received
Processing ... 
In window! Answering ... 
Printed packet 2 payload
ACK sent -> 3

	******

Packet received
Processing ... 
In window! Answering ... 
Printed packet 3 payload
ACK sent -> 4

	******

Packet received
Processing ... 
In window! Answering ... 
Printed packet 4 payload
ACK sent -> 5

	******

Packet received
Processing ... 
In window! Answering ... 
Printed packet 5 payload
ACK sent -> 6

	******

Packet received
Processing ... 
In window! Answering ... 
Printed packet 6 payload
ACK sent -> 7

	******

Packet received
Processing ... 
In window! Answering ... 
Printed packet 7 payload
ACK sent -> 8

	******

Packet received
Processing ... 
In window! Answering ... 
Printed packet 8 payload
ACK sent -> 9

	******

Packet received
Processing ... 
In window! Answering ... 
Printed packet 9 payload
ACK sent -> 10

	******

Packet received
Processing ... 
In window! Answering ... 
Printed packet 10 payload
ACK sent -> 11

	******

Packet received
Processing ... 
In window! Answering ... 
Printed packet 11 payload
ACK sent -> 12

	******

Packet received
Processing ... 
In window! Answering ... 
Printed packet 12 payload
ACK sent -> 13

	******

Packet received
Processing ... 
In window! Answering ... 
Printed packet 13 payload
ACK sent -> 14

	******

Packet received
Processing ... 
In window! Answering ... 
Printed packet 14 payload
ACK sent -> 15

	******

Packet received
Processing ... 
In window! Answering ... 
Printed packet 15 payload
ACK sent -> 16

	******

Packet received
Processing ... 
In window! Answering ... 
Printed packet 16 payload
ACK sent -> 17

	******

Packet received
Processing ... 
In window! Answering ... 
Printed packet 17 payload
ACK sent -> 18

	******

Packet received
Processing ... 
In window! Answering ... 
Printed packet 18 payload
ACK sent -> 19

	******

Packet received
Processing ... 
In window! Answering ... 
Printed packet 19 payload
ACK sent -> 20

	******

Packet received
Processing ... 
In window! Answering ... 
Printed packet 20 payload
ACK sent -> 21

	******

Packet received
Processing ... 
In window! Answering ... 
Printed packet 21 payload
ACK sent -> 22

	******

Packet received
Processing ... 
In window! Answering ... 
Printed packet 22 payload
ACK sent -> 23

	******

Packet received
Processing ... 
In window! Answering ... 
Printed packet 23 payload
ACK sent -> 24

	******

Packet received
Processing ... 
In window! Answering ... 
Printed packet 24 payload
ACK sent -> 25

	******

Packet received
Processing ... 
In window! Answering ... 
Printed packet 25 payload
ACK sent -> 26

	******

Packet received
Processing ... 
In window! Answering ... 
Printed packet 26 payload
ACK sent -> 27

	******

Packet received
Processing ... 
In window! Answering ... 
Printed packet 27 payload
ACK sent -> 28

	******

Packet received
Processing ... 
In window! Answering ... 
Printed packet 28 payload
ACK sent -> 29

	******

Packet received
Processing ... 
In window! Answering ... 
Printed packet 29 payload
ACK sent -> 30

	******

Packet received
Processing ... 
In window! Answering ... 
Printed packet 30 payload
ACK sent -> 31

	******

Packet received
Processing ... 
In window! Answering ... 
Printed packet 31 payload
ACK sent -> 32

	******

Packet received
Processing ... 
In window! Answering ... 
Printed packet 32 payload
ACK sent -> 33

	******

Packet received
Processing ... 
In window! Answering ... 
Printed packet 33 payload
ACK sent -> 34

	******

Packet received
Processing ... 
In window! Answering ... 
Printed packet 34 payload
ACK sent -> 35

	******

Packet received
Processing ... 
In window! Answering ... 
Printed packet 35 payload
ACK sent -> 36

	******

Packet received
Processing ... 
In window! Answering ... 
Printed packet 36 payload
ACK sent -> 37

	******

Packet received
Processing ... 
In window! Answering ... 
Printed packet 37 payload
ACK sent -> 38

	******

Packet received
Processing ... 
In window! Answering ... 
Printed packet 38 payload
ACK sent -> 39

	******

Packet received
Processing ... 
In window! Answering ... 
Printed packet 39 payload
ACK sent -> 40

	******

Packet received
Processing ... 
In window! Answering ... 
Printed packet 40 payload
ACK sent -> 41

	******

Packet received
Processing ... 
In window! Answering ... 
Printed packet 41 payload
ACK sent -> 42

	******

Packet received
Processing ... 
In window! Answering ... 
Printed packet 42 payload
ACK sent -> 43

	******

Packet received
Processing ... 
In window! Answering ... 
Printed packet 43 payload
ACK sent -> 44

	******

Packet received
Processing ... 
In window! Answering ... 
Printed packet 44 payload
ACK sent -> 45

	******

Packet received
Processing ... 
In window! Answering ... 
Printed packet 45 payload
ACK sent -> 46

	******

Packet received
Processing ... 
In window! Answering ... 
Printed packet 46 payload
ACK sent -> 47

	******

Packet received
Processing ... 
In window! Answering ... 
Printed packet 47 payload
ACK sent -> 48

	******

Packet received
Processing ... 
In window! Answering ... 
Printed packet 48 payload
ACK sent -> 49

	******

Packet received
Processing ... 
In window! Answering ... 
Printed packet 49 payload
ACK sent -> 50

	******

Packet received
Processing ... 
In window! Answering ... 
Printed packet 50 payload
ACK sent -> 51

	******

Packet received
Processing ... 
In window! Answering ... 
Printed packet 51 payload
ACK sent -> 52

	******

Packet received
Processing ... 
In window! Answering ... 
Printed packet 52 payload
ACK sent -> 53

	******

Packet received
Processing ... 
In window! Answering ... 
Printed packet 53 payload
ACK sent -> 54

	******

Packet received
Processing ... 
In window! Answering ... 
Printed packet 54 payload
ACK sent -> 55

	******

Packet received
Processing ... 
In window! Answering ... 
Printed packet 55 payload
ACK sent -> 56

	******

Packet received
Processing ... 
In window! Answering ... 
Printed packet 56 payload
ACK sent -> 57

	******

Packet received
Processing ... 
In window! Answering ... 
Printed packet 57 payload
ACK sent -> 58

	******

Packet received
Processing ... 
In window! Answering ... 
Printed packet 58 payload
ACK sent -> 59

	******

Packet received
Processing ... 
In window! Answering ... 
Printed packet 59 payload
ACK sent -> 60

	******

Packet received
Processing ... 
In window! Answering ... 
Printed packet 60 payload
ACK sent -> 61

	******

Packet received
Processing ... 
In window! Answering ... 
Printed packet 61 payload
ACK sent -> 62

	******

Packet received
Processing ... 
In window! Answering ... 
Printed packet 62 payload
ACK sent -> 63

	******

Packet received
Processing ... 
In window! Answering ... 
Printed packet 63 payload
ACK sent -> 64

	******

Packet received
Processing ... 
In window! Answering ... 
Printed packet 64 payload
ACK sent -> 65

	******

Packet received
Processing ... 
In window! Answering ... 
Printed packet 65 payload
ACK sent -> 66

	******

Packet received
Processing ... 
In window! Answering ... 
Printed packet 66 payload
ACK sent -> 67

	******

Packet received
Processing ... 
In window! Answering ... 
Printed packet 67 payload
ACK sent -> 68

	******

Packet received
Processing ... 
In window! Answering ... 
Printed packet 68 payload
ACK sent -> 69

	******

Packet received
Processing ... 
In window! Answering ... 
Printed packet 69 payload
ACK sent -> 70

	******

Packet received
Processing ... 
In window! Answering ... 
Printed packet 70 payload
ACK sent -> 71

	******

Packet received
Processing ... 
In window! Answering ... 
Printed packet 71 payload
ACK sent -> 72

	******

Packet received
Processing ... 
In window! Answering ... 
Printed packet 72 payload
ACK sent -> 73

	******

Packet received
Processing ... 
In window! Answering ... 
Printed packet 73 payload
ACK sent -> 74

	******

Packet received
Processing ... 
In window! Answering ... 
Printed packet 74 payload
ACK sent -> 75

	******

Packet received
Processing ... 
In window! Answering ... 
Printed packet 75 payload
ACK sent -> 76

	******

Packet received
Processing ... 
In window! Answering ... 
Printed packet 76 payload
ACK sent -> 77

	******

Packet received
Processing ... 
In window! Answering ... 
Printed packet 77 payload
ACK sent -> 78

	******

Packet received
Processing ... 
In window! Answering ... 
Printed packet 78 payload
ACK sent -> 79

	******

Packet received
Processing ... 
In window! Answering ... 
Printed packet 79 payload
ACK sent -> 80

	******

Packet received
Processing ... 
In window! Answering ... 
Printed packet 80 payload
ACK sent -> 81

	******

Packet received
Processing ... 
In window! Answering ... 
Printed packet 81 payload
ACK sent -> 82

	******

Packet received
Processing ... 
In window! Answering ... 
Printed packet 82 payload
ACK sent -> 83

	******

Packet received
Processing ... 
In window! Answering ... 
Printed packet 83 payload
ACK sent -> 84

	******

Packet received
Processing ... 
In window! Answering ... 
Printed packet 84 payload
ACK sent -> 85

	******

Packet received
Processing ... 
In window! Answering ... 
Printed packet 85 payload
ACK sent -> 86

	******

Packet received
Processing ... 
In window! Answering ... 
Printed packet 86 payload
ACK sent -> 87

	******

Packet received
Processing ... 
In window! Answering ... 
Printed packet 87 payload
ACK sent -> 88

	******

Packet received
Processing ... 
In window! Answering ... 
Printed packet 88 payload
ACK sent -> 89

	******

Packet received
Processing ... 
In window! Answering ... 
Printed packet 89 payload
ACK sent -> 90

	******

Packet received
Processing ... 
In window! Answering ... 
Printed packet 90 payload
ACK sent -> 91

	******

Packet received
Processing ... 
In window! Answering ... 
Printed packet 91 payload
ACK sent -> 92

	******

Packet received
Processing ... 
In window! Answering ... 
Printed packet 92 payload
ACK sent -> 93

	******

Packet received
Processing ... 
In window! Answering ... 
Printed packet 93 payload
ACK sent -> 94

	******

Packet received
Processing ... 
In window! Answering ... 
Printed packet 94 payload
ACK sent -> 95

	******

Packet received
Processing ... 
In window! Answering ... 
Printed packet 95 payload
ACK sent -> 96

	******

Packet received
Processing ... 
In window! Answering ... 
Printed packet 96 payload
ACK sent -> 97

	******

Packet received
Processing ... 
In window! Answering ... 
Printed packet 97 payload
ACK sent -> 98

	******

Packet received
Processing ... 
In window! Answering ... 
Printed packet 98 payload
ACK sent -> 99

	******

Packet received
Processing ... 
In window! Answering ... 
Printed packet 99 payload
ACK sent -> 100

	******

Packet received
Processing ... 
In window! Answering ... 
Printed packet 100 payload
ACK sent -> 101

	******

Packet received
Processing ... 
In window! Answering ... 
Printed packet 101 payload
ACK sent -> 102

	******

Packet received
Processing ... 
In window! Answering ... 
Printed packet 102 payload
ACK sent -> 103

	******

Packet received
Processing ... 
In window! Answering ... 
Printed packet 103 payload
ACK sent -> 104

	******

Packet received
Processing ... 
In window! Answering ... 
Printed packet 104 payload
ACK sent -> 105

	******

Packet received
Processing ... 
In window! Answering ... 
Printed packet 105 payload
ACK sent -> 106

	******

Packet received
Processing ... 
In window! Answering ... 
Printed packet 106 payload
ACK sent -> 107

	******

Packet received
Processing ... 
In window! Answering ... 
Printed packet 107 payload
ACK sent -> 108

	******

Packet received
Processing ... 
In window! Answering ... 
Printed packet 108 payload
ACK sent -> 109

	******

Packet received
Processing ... 
In window! Answering ... 
Printed packet 109 payload
ACK sent -> 110

	******

Packet received
Processing ... 
In window! Answering ... 
Printed packet 110 payload
ACK sent -> 111

	******

Packet received
Processing ... 
In window! Answering ... 
Printed packet 111 payload
ACK sent -> 112

	******

Packet received
Processing ... 
In window! Answering ... 
Printed packet 112 payload
ACK sent -> 113

	******

Packet received
Processing ... 
In window! Answering ... 
Printed packet 113 payload
ACK sent -> 114

	******

Packet received
Processing ... 
In window! Answering ... 
Printed packet 114 payload
ACK sent -> 115

	******

Packet received
Processing ... 
In window! Answering ... 
Printed packet 115 payload
ACK sent -> 116

	******

Packet received
Processing ... 
In window! Answering ... 
Printed packet 116 payload
ACK sent -> 117

	******

Packet received
Processing ... 
In window! Answering ... 
Printed packet 117 payload
ACK sent -> 118

	******

Packet received
Processing ... 
In window! Answering ... 
Printed packet 118 payload
ACK sent -> 119

	******

Packet received
Processing ... 
In window! Answering ... 
Printed packet 119 payload
ACK sent -> 120

	******

Packet received
Processing ... 
In window! Answering ... 
Printed packet 120 payload
ACK sent -> 121

	******

Packet received
Processing ... 
In window! Answering ... 
Printed packet 121 payload
ACK sent -> 122

	******

Packet received
Processing ... 
In window! Answering ... 
Printed packet 122 payload
ACK sent -> 123

	******

Packet received
Processing ... 
In window! Answering ... 
Printed packet 123 payload
ACK sent -> 124

	******

Packet received
Processing ... 
In window! Answering ... 
Printed packet 124 payload
ACK sent -> 125

	******

Packet received
Processing ... 
In window! Answering ... 
Printed packet 125 payload
ACK sent -> 126

	******

Packet received
Processing ... 
In window! Answering ... 
Printed packet 126 payload
ACK sent -> 127

	******

Packet received
Processing ... 
In window! Answering ... 
Printed packet 127 payload
ACK sent -> 128

	******

Packet received
Processing ... 
In window! Answering ... 
Printed packet 128 payload
ACK sent -> 129

	******

Packet received
Processing ... 
In window! Answering ... 
Printed packet 129 payload
ACK sent -> 130

	******

Packet received
Processing ... 
In window! Answering ... 
Printed packet 130 payload
ACK sent -> 131

	******

Packet received
Processing ... 
In window! Answering ... 
Printed packet 131 payload
ACK sent -> 132

	******

Packet received
Processing ... 
In window! Answering ... 
Printed packet 132 payload
ACK sent -> 133

	******

Packet received
Processing ... 
In window! Answering ... 
Printed packet 133 payload
ACK sent -> 134

	******

Packet received
Processing ... 
In window! Answering ... 
Printed packet 134 payload
ACK sent -> 135

	******

Packet received
Processing ... 
In window! Answering ... 
Printed packet 135 payload
ACK sent -> 136

	******

Packet received
Processing ... 
In window! Answering ... 
Printed packet 136 payload
ACK sent -> 137

	******

Packet received
Processing ... 
In window! Answering ... 
Printed packet 137 payload
ACK sent -> 138

	******

Packet received
Processing ... 
In window! Answering ... 
Printed packet 138 payload
ACK sent -> 139

	******

Packet received
Processing ... 
In window! Answering ... 
Printed packet 139 payload
ACK sent -> 140

	******

Packet received
Processing ... 
In window! Answering ... 
Printed packet 140 payload
ACK sent -> 141

	******

Packet received
Processing ... 
In window! Answering ... 
Printed packet 141 payload
ACK sent -> 142

	******

Packet received
Processing ... 
In window! Answering ... 
Printed packet 142 payload
ACK sent -> 143

	******

Packet received
Processing ... 
In window! Answering ... 
Printed packet 143 payload
ACK sent -> 144

	******

Packet received
Processing ... 
In window! Answering ... 
Printed packet 144 payload
ACK sent -> 145

	******

Packet received
Processing ... 
In window! Answering ... 
Printed packet 145 payload
ACK sent -> 146

	******

Packet received
Processing ... 
In window! Answering ... 
Printed packet 146 payload
ACK sent -> 147

	******

Packet received
Processing ... 
In window! Answering ... 
Printed packet 147 payload
ACK sent -> 148

	******

Packet received
Processing ... 
In window! Answering ... 
Printed packet 148 payload
ACK sent -> 149

	******

Packet received
Processing ... 
In window! Answering ... 
Printed packet 149 payload
ACK sent -> 150

	******

Packet received
Processing ... 
In window! Answering ... 
Printed packet 150 payload
ACK sent -> 151

	******

Packet received
Processing ... 
In window! Answering ... 
Printed packet 151 payload
ACK sent -> 152

	******

Packet received
Processing ... 
In window! Answering ... 
Printed packet 152 payload
ACK sent -> 153

	******

Packet received
Processing ... 
In window! Answering ... 
Printed packet 153 payload
ACK sent -> 154

	******

Packet received
Processing ... 
In window! Answering ... 
Printed packet 154 payload
ACK sent -> 155

	******

Packet received
Processing ... 
In window! Answering ... 
Printed packet 155 payload
ACK sent -> 156

	******

Packet received
Processing ... 
In window! Answering ... 
Printed packet 156 payload
ACK sent -> 157

	******

Packet received
Processing ... 
In window! Answering ... 
Printed packet 157 payload
ACK sent -> 158

	******

Packet received
Processing ... 
In window! Answering ... 
Printed packet 158 payload
ACK sent -> 159

	******

Packet received
Processing ... 
In window! Answering ... 
Printed packet 159 payload
ACK sent -> 160

	******

Packet received
Processing ... 
In window! Answering ... 
Printed packet 160 payload
ACK sent -> 161

	******

Packet received
Processing ... 
In window! Answering ... 
Printed packet 161 payload
ACK sent -> 162

	******

Packet received
Processing ... 
In window! Answering ... 
Printed packet 162 payload
ACK sent -> 163

	******

Packet received
Processing ... 
In window! Answering ... 
Printed packet 163 payload
ACK sent -> 164

	******

Packet received
Processing ... 
In window! Answering ... 
Printed packet 164 payload
ACK sent -> 165

	******

Packet received
Processing ... 
In window! Answering ... 
Printed packet 165 payload
ACK sent -> 166

	******

Packet received
Processing ... 
In window! Answering ... 
Printed packet 166 payload
ACK sent -> 167

	******

Packet received
Processing ... 
In window! Answering ... 
Printed packet 167 payload
ACK sent -> 168

	******

Packet received
Processing ... 
In window! Answering ... 
Printed packet 168 payload
ACK sent -> 169

	******

Packet received
Processing ... 
In window! Answering ... 
Printed packet 169 payload
ACK sent -> 170

	******

Packet received
Processing ... 
In window! Answering ... 
Printed packet 170 payload
ACK sent -> 171

	******

Packet received
Processing ... 
In window! Answering ... 
Printed packet 171 payload
ACK sent -> 172

	******

Packet received
Processing ... 
In window! Answering ... 
Printed packet 172 payload
ACK sent -> 173

	******

Packet received
Processing ... 
In window! Answering ... 
Printed packet 173 payload
ACK sent -> 174

	******

Packet received
Processing ... 
In window! Answering ... 
Printed packet 174 payload
ACK sent -> 175

	******

Packet received
Processing ... 
In window! Answering ... 
Printed packet 175 payload
ACK sent -> 176

	******

Packet received
Processing ... 
In window! Answering ... 
Printed packet 176 payload
ACK sent -> 177

	******

Packet received
Processing ... 
In window! Answering ... 
Printed packet 177 payload
ACK sent -> 178

	******

Packet received
Processing ... 
In window! Answering ... 
Printed packet 178 payload
ACK sent -> 179

	******

Packet received
Processing ... 
In window! Answering ... 
Printed packet 179 payload
ACK sent -> 180

	******

Packet received
Processing ... 
In window! Answering ... 
Printed packet 180 payload
ACK sent -> 181

	******

Packet received
Processing ... 
In window! Answering ... 
Printed packet 181 payload
ACK sent -> 182

	******

Packet received
Processing ... 
In window! Answering ... 
Printed packet 182 payload
ACK sent -> 183

	******

Packet received
Processing ... 
In window! Answering ... 
Printed packet 183 payload
ACK sent -> 184

	******

Packet received
Processing ... 
In window! Answering ... 
Printed packet 184 payload
ACK sent -> 185

	******

Packet received
Processing ... 
In window! Answering ... 
Printed packet 185 payload
ACK sent -> 186

	******

Packet received
Processing ... 
In window! Answering ... 
Printed packet 186 payload
ACK sent -> 187

	******

Packet received
Processing ... 
In window! Answering ... 
Printed packet 187 payload
ACK sent -> 188

	******

Packet received
Processing ... 
In window! Answering ... 
Printed packet 188 payload
ACK sent -> 189

	******

Packet received
Processing ... 
In window! Answering ... 
Printed packet 189 payload
ACK sent -> 190

	******

Packet received
Processing ... 
In window! Answering ... 
Printed packet 190 payload
ACK sent -> 191

	******

Packet received
Processing ... 
In window! Answering ... 
Printed packet 191 payload
ACK sent -> 192

	******

Packet received
Processing ... 
In window! Answering ... 
Printed packet 192 payload
ACK sent -> 193

	******

Packet received
Processing ... 
In window! Answering ... 
Printed packet 193 payload
ACK sent -> 194

	******

Packet received
Processing ... 
In window! Answering ... 
Printed packet 194 payload
ACK sent -> 195

	******

Packet received
Processing ... 
In window! Answering ... 
Printed packet 195 payload
ACK sent -> 196

	******

Packet received
Processing ... 
In window! Answering ... 
Printed packet 196 payload
ACK sent -> 197

	******

Packet received
Processing ... 
In window! Answering ... 
Printed packet 197 payload
ACK sent -> 198

	******

Packet received
Processing ... 
In window! Answering ... 
Printed packet 198 payload
ACK sent -> 199

	******

Packet received
Processing ... 
In window! Answering ... 
Printed packet 199 payload
ACK sent -> 200

	******

Packet received
Processing ... 
In window! Answering ... 
Printed packet 200 payload
ACK sent -> 201

	******

Packet received
Processing ... 
In window! Answering ... 
Printed packet 201 payload
ACK sent -> 202

	******

Packet received
Processing ... 
In window! Answering ... 
Printed packet 202 payload
ACK sent -> 203

	******

Packet received
Processing ... 
In window! Answering ... 
Printed packet 203 payload
ACK sent -> 204

	******

Packet received
Processing ... 
In window! Answering ... 
Printed packet 204 payload
ACK sent -> 205

	******

Packet received
Processing ... 
In window! Answering ... 
Printed packet 205 payload
ACK sent -> 206

	******

Packet received
Processing ... 
In window! Answering ... 
Printed packet 206 payload
ACK sent -> 207

	******

Packet received
Processing ... 
In window! Answering ... 
Printed packet 207 payload
ACK sent -> 208

	******

Packet received
Processing ... 
In window! Answering ... 
Printed packet 208 payload
ACK sent -> 209

	******

Packet received
Processing ... 
In window! Answering ... 
Printed packet 209 payload
ACK sent -> 210

	******

Packet received
Processing ... 
In window! Answering ... 
Printed packet 210 payload
ACK sent -> 211

	******

Packet received
Processing ... 
In window! Answering ... 
Printed packet 211 payload
ACK sent -> 212

	******

Packet received
Processing ... 
In window! Answering ... 
Printed packet 212 payload
ACK sent -> 213

	******

Packet received
Processing ... 
In window! Answering ... 
Printed packet 213 payload
ACK sent -> 214

	******

Packet received
Processing ... 
In window! Answering ... 
Printed packet 214 payload
ACK sent -> 215

	******

Packet received
Processing ... 
In window! Answering ... 
Printed packet 215 payload
ACK sent -> 216

	******

Packet received
Processing ... 
In window! Answering ... 
Printed packet 216 payload
ACK sent -> 217

	******

Packet received
Processing ... 
In window! Answering ... 
Printed packet 217 payload
ACK sent -> 218

	******

Packet received
Processing ... 
In window! Answering ... 
Printed packet 218 payload
ACK sent -> 219

	******

Packet received
Processing ... 
In window! Answering ... 
Printed packet 219 payload
ACK sent -> 220

	******

Packet received
Processing ... 
In window! Answering ... 
Printed packet 220 payload
ACK sent -> 221

	******

Packet received
Processing ... 
In window! Answering ... 
Printed packet 221 payload
ACK sent -> 222

	******

Packet received
Processing ... 
In window! Answering ... 
Printed packet 222 payload
ACK sent -> 223

	******

Packet received
Processing ... 
In window! Answering ... 
Printed packet 223 payload
ACK sent -> 224

	******

Packet received
Processing ... 
In window! Answering ... 
Printed packet 224 payload
ACK sent -> 225

	******

Packet received
Processing ... 
In window! Answering ... 
Printed packet 225 payload
ACK sent -> 226

	******

Packet received
Processing ... 
In window! Answering ... 
Printed packet 226 payload
ACK sent -> 227

	******

Packet received
Processing ... 
In window! Answering ... 
Printed packet 227 payload
ACK sent -> 228

	******

Packet received
Processing ... 
In window! Answering ... 
Printed packet 228 payload
ACK sent -> 229

	******

Packet received
Processing ... 
In window! Answering ... 
Printed packet 229 payload
ACK sent -> 230

	******

Packet received
Processing ... 
In window! Answering ... 
Printed packet 230 payload
ACK sent -> 231

	******

Packet received
Processing ... 
In window! Answering ... 
Printed packet 231 payload
ACK sent -> 232

	******

Packet received
Processing ... 
In window! Answering ... 
Printed packet 232 payload
ACK sent -> 233

	******

Packet received
Processing ... 
In window! Answering ... 
Printed packet 233 payload
ACK sent -> 234

	******

Packet received
Processing ... 
In window! Answering ... 
Printed packet 234 payload
ACK sent -> 235

	******

Packet received
Processing ... 
In window! Answering ... 
Printed packet 235 payload
ACK sent -> 236

	******

Packet received
Processing ... 
In window! Answering ... 
Printed packet 236 payload
ACK sent -> 237

	******

Packet received
Processing ... 
In window! Answering ... 
Printed packet 237 payload
ACK sent -> 238

	******

Packet received
Processing ... 
In window! Answering ... 
Printed packet 238 payload
ACK sent -> 239

	******

Packet received
Processing ... 
In window! Answering ... 
Printed packet 239 payload
ACK sent -> 240

	******

Packet received
Processing ... 
In window! Answering ... 
Printed packet 240 payload
ACK sent -> 241

	******

Packet received
Processing ... 
In window! Answering ... 
Printed packet 241 payload
ACK sent -> 242

	******

Packet received
Processing ... 
In window! Answering ... 
Printed packet 242 payload
ACK sent -> 243

	******

Packet received
Processing ... 
In window! Answering ... 
Printed packet 243 payload
ACK sent -> 244

	******

Packet received
Processing ... 
In window! Answering ... 
Printed packet 244 payload
ACK sent -> 245

	******

Packet received
Processing ... 
In window! Answering ... 
Printed packet 245 payload
ACK sent -> 246

	******

Packet received
Processing ... 
In window! Answering ... 
Printed packet 246 payload
ACK sent -> 247

	******

Packet received
Processing ... 
In window! Answering ... 
Printed packet 247 payload
ACK sent -> 248

	******

Packet received
Processing ... 
In window! Answering ... 
Printed packet 248 payload
ACK sent -> 249

	******

Packet received
Processing ... 
In window! Answering ... 
Printed packet 249 payload
ACK sent -> 250

	******

Packet received
Processing ... 
In window! Answering ... 
Printed packet 250 payload
ACK sent -> 251

	******

Packet received
Processing ... 
In window! Answering ... 
Printed packet 251 payload
ACK sent -> 252

	******

Packet received
Processing ... 
In window! Answering ... 
Printed packet 252 payload
ACK sent -> 253

	******

Packet received
Processing ... 
In window! Answering ... 
Printed packet 253 payload
ACK sent -> 254

	******

Packet received
Processing ... 
In window! Answering ... 
Printed packet 254 payload
ACK sent -> 255

	******

Packet received
Processing ... 
In window! Answering ... 
Printed packet 255 payload
ACK sent -> 0

	******

Packet received
Processing ... 
In window! Answering ... 
Printed packet 0 payload
ACK sent -> 1

	******

Packet received
Processing ... 
In window! Answering ... 
Printed packet 1 payload
ACK sent -> 2

	******

Packet received
Processing ... 
In window! Answering ... 
Printed packet 2 payload
ACK sent -> 3

	******

Packet received
Processing ... 
In window! Answering ... 
Printed packet 3 payload
ACK sent -> 4

	******

Packet received
Processing ... 
In window! Answering ... 
Printed packet 4 payload
ACK sent -> 5

	******

Packet received
Processing ... 
In window! Answering ... 
Printed packet 5 payload
ACK sent -> 6

	******

Packet received
Processing ... 
In window! Answering ... 
Printed packet 6 payload
ACK sent -> 7

	******

Packet received
Processing ... 
In window! Answering ... 
Printed packet 7 payload
ACK sent -> 8

	******

Packet received
Processing ... 
In window! Answering ... 
Printed packet 8 payload
ACK sent -> 9

	******

Packet received
Processing ... 
In window! Answering ... 
Printed packet 9 payload
ACK sent -> 10

	******

Packet received
Processing ... 
In window! Answering ... 
Printed packet 10 payload
ACK sent -> 11

	******

Packet received
Processing ... 
In window! Answering ... 
Printed packet 11 payload
ACK sent -> 12

	******

Packet received
Processing ... 
In window! Answering ... 
Printed packet 12 payload
ACK sent -> 13

	******

Packet received
Processing ... 
In window! Answering ... 
Printed packet 13 payload
ACK sent -> 14

	******

Packet received
Processing ... 
In window! Answering ... 
Printed packet 14 payload
ACK sent -> 15

	******

Packet received
Processing ... 
In window! Answering ... 
Printed packet 15 payload
ACK sent -> 16

	******

Packet received
Processing ... 
In window! Answering ... 
Printed packet 16 payload
ACK sent -> 17

	******

Packet received
Processing ... 
In window! Answering ... 
Printed packet 17 payload
ACK sent -> 18

	******

Packet received
Processing ... 
In window! Answering ... 
Printed packet 18 payload
ACK sent -> 19

	******

Packet received
Processing ... 
In window! Answering ... 
Printed packet 19 payload
ACK sent -> 20

	******

Packet received
Processing ... 
In window! Answering ... 
Printed packet 20 payload
ACK sent -> 21

	******

Packet received
Processing ... 
In window! Answering ... 
Printed packet 21 payload
ACK sent -> 22

	******

Packet received
Processing ... 
In window! Answering ... 
Printed packet 22 payload
ACK sent -> 23

	******

Packet received
Processing ... 
In window! Answering ... 
Printed packet 23 payload
ACK sent -> 24

	******

Packet received
Processing ... 
In window! Answering ... 
Printed packet 24 payload
ACK sent -> 25

	******

Packet received
Processing ... 
In window! Answering ... 
Printed packet 25 payload
ACK sent -> 26

	******

Packet received
Processing ... 
In window! Answering ... 
Printed packet 26 payload
ACK sent -> 27

	******

Packet received
Processing ... 
In window! Answering ... 
Printed packet 27 payload
ACK sent -> 28

	******

Packet received
Processing ... 
In window! Answering ... 
Printed packet 28 payload
ACK sent -> 29

	******

Packet received
Processing ... 
In window! Answering ... 
Printed packet 29 payload
ACK sent -> 30

	******

Packet received
Processing ... 
In window! Answering ... 
Printed packet 30 payload
ACK sent -> 31

	******

Packet received
Processing ... 
In window! Answering ... 
Printed packet 31 payload
ACK sent -> 32

	******

Packet received
Processing ... 
In window! Answering ... 
Printed packet 32 payload
ACK sent -> 33

	******

Packet received
Processing ... 
In window! Answering ... 
Printed packet 33 payload
ACK sent -> 34

	******

Packet received
Processing ... 
In window! Answering ... 
Printed packet 34 payload
ACK sent -> 35

	******

Packet received
Processing ... 
In window! Answering ... 
Printed packet 35 payload
ACK sent -> 36

	******

Packet received
Processing ... 
In window! Answering ... 
Printed packet 36 payload
ACK sent -> 37

	******

Packet received
Processing ... 
In window! Answering ... 
Printed packet 37 payload
ACK sent -> 38

	******

Packet received
Processing ... 
In window! Answering ... 
Printed packet 38 payload
ACK sent -> 39

	******

Packet received
Processing ... 
In window! Answering ... 
Printed packet 39 payload
ACK sent -> 40

	******

Packet received
Processing ... 
In window! Answering ... 
Printed packet 40 payload
ACK sent -> 41

	******

Packet received
Processing ... 
In window! Answering ... 
Printed packet 41 payload
ACK sent -> 42

	******

Packet received
Processing ... 
In window! Answering ... 
Printed packet 42 payload
ACK sent -> 43

	******

Packet received
Processing ... 
In window! Answering ... 
Printed packet 43 payload
ACK sent -> 44

	******

Packet received
Processing ... 
In window! Answering ... 
Printed packet 44 payload
ACK sent -> 45

	******

Packet received
Processing ... 
In window! Answering ... 
Printed packet 45 payload
ACK sent -> 46

	******

Packet received
Processing ... 
In window! Answering ... 
Printed packet 46 payload
ACK sent -> 47

	******

Packet received
Processing ... 
In window! Answering ... 
Printed packet 47 payload
ACK sent -> 48

	******

Packet received
Processing ... 
In window! Answering ... 
Printed packet 48 payload
ACK sent -> 49

	******

Packet received
Processing ... 
In window! Answering ... 
Printed packet 49 payload
ACK sent -> 50

	******

Packet received
Processing ... 
In window! Answering ... 
Printed packet 50 payload
ACK sent -> 51

	******

Packet received
Processing ... 
In window! Answering ... 
Printed packet 51 payload
ACK sent -> 52

	******

Packet received
Processing ... 
In window! Answering ... 
Printed packet 52 payload
ACK sent -> 53

	******

Packet received
Processing ... 
In window! Answering ... 
Printed packet 53 payload
ACK sent -> 54

	******

Packet received
Processing ... 
In window! Answering ... 
Printed packet 54 payload
ACK sent -> 55

	******

Packet received
Processing ... 
In window! Answering ... 
Printed packet 55 payload
ACK sent -> 56

	******

Packet received
Processing ... 
In window! Answering ... 
Printed packet 56 payload
ACK sent -> 57

	******

Packet received
Processing ... 
In window! Answering ... 
Printed packet 57 payload
ACK sent -> 58

	******

Packet received
Processing ... 
In window! Answering ... 
Printed packet 58 payload
ACK sent -> 59

	******

Packet received
Processing ... 
In window! Answering ... 
Printed packet 59 payload
ACK sent -> 60

	******

Packet received
Processing ... 
In window! Answering ... 
Printed packet 60 payload
ACK sent -> 61

	******

Packet received
Processing ... 
In window! Answering ... 
Printed packet 61 payload
ACK sent -> 62

	******

Packet received
Processing ... 
In window! Answering ... 
Printed packet 62 payload
ACK sent -> 63

	******

Packet received
Processing ... 
In window! Answering ... 
Printed packet 63 payload
ACK sent -> 64

	******

Packet received
Processing ... 
In window! Answering ... 
Printed packet 64 payload
ACK sent -> 65

	******

Packet received
Processing ... 
In window! Answering ... 
Printed packet 65 payload
ACK sent -> 66

	******

Packet received
Processing ... 
In window! Answering ... 
Printed packet 66 payload
ACK sent -> 67

	******

Packet received
Processing ... 
In window! Answering ... 
Printed packet 67 payload
ACK sent -> 68

	******

Packet received
Processing ... 
In window! Answering ... 
Printed packet 68 payload
ACK sent -> 69

	******

Packet received
Processing ... 
In window! Answering ... 
Printed packet 69 payload
ACK sent -> 70

	******

Packet received
Processing ... 
In window! Answering ... 
Printed packet 70 payload
ACK sent -> 71

	******

Packet received
Processing ... 
In window! Answering ... 
Printed packet 71 payload
ACK sent -> 72

	******

Packet received
Processing ... 
In window! Answering ... 
Printed packet 72 payload
ACK sent -> 73

	******

Packet received
Processing ... 
In window! Answering ... 
Printed packet 73 payload
ACK sent -> 74

	******

Packet received
Processing ... 
In window! Answering ... 
Printed packet 74 payload
ACK sent -> 75

	******

Packet received
Processing ... 
In window! Answering ... 
Printed packet 75 payload
ACK sent -> 76

	******

Packet received
Processing ... 
In window! Answering ... 
Printed packet 76 payload
ACK sent -> 77

	******

Packet received
Processing ... 
In window! Answering ... 
Printed packet 77 payload
ACK sent -> 78

	******

Packet received
Processing ... 
In window! Answering ... 
Printed packet 78 payload
ACK sent -> 79

	******

Packet received
Processing ... 
In window! Answering ... 
Printed packet 79 payload
ACK sent -> 80

	******

Packet received
Processing ... 
In window! Answering ... 
Printed packet 80 payload
ACK sent -> 81

	******

Packet received
Processing ... 
In window! Answering ... 
Printed packet 81 payload
ACK sent -> 82

	******

Packet received
Processing ... 
In window! Answering ... 
Printed packet 82 payload
ACK sent -> 83

	******

Packet received
Processing ... 
In window! Answering ... 
Printed packet 83 payload
ACK sent -> 84

	******

Packet received
Processing ... 
In window! Answering ... 
Printed packet 84 payload
ACK sent -> 85

	******

Packet received
Processing ... 
In window! Answering ... 
Printed packet 85 payload
ACK sent -> 86

	******

Packet received
Processing ... 
In window! Answering ... 
Printed packet 86 payload
ACK sent -> 87

	******

Packet received
Processing ... 
In window! Answering ... 
Printed packet 87 payload
ACK sent -> 88

	******

Packet received
Processing ... 
In window! Answering ... 
Printed packet 88 payload
ACK sent -> 89

	******

Packet received
Processing ... 
In window! Answering ... 
Printed packet 89 payload
ACK sent -> 90

	******

Packet received
Processing ... 
In window! Answering ... 
Printed packet 90 payload
ACK sent -> 91

	******

Packet received
Processing ... 
In window! Answering ... 
Printed packet 91 payload
ACK sent -> 92

	******

Packet received
Processing ... 
In window! Answering ... 
Printed packet 92 payload
ACK sent -> 93

	******

Packet received
Processing ... 
In window! Answering ... 
Printed packet 93 payload
ACK sent -> 94

	******

Packet received
Processing ... 
In window! Answering ... 
Printed packet 94 payload
ACK sent -> 95

	******

Packet received
Processing ... 
In window! Answering ... 
Printed packet 95 payload
ACK sent -> 96

	******

Packet received
Processing ... 
In window! Answering ... 
Printed packet 96 payload
ACK sent -> 97

	******

Packet received
Processing ... 
In window! Answering ... 
Printed packet 97 payload
ACK sent -> 98

	******

Packet received
Processing ... 
In window! Answering ... 
Printed packet 98 payload
ACK sent -> 99

	******

Packet received
Processing ... 
In window! Answering ... 
Printed packet 99 payload
ACK sent -> 100

	******

Packet received
Processing ... 
In window! Answering ... 
Printed packet 100 payload
ACK sent -> 101

	******

Packet received
Processing ... 
In window! Answering ... 
Printed packet 101 payload
ACK sent -> 102

	******

Packet received
Processing ... 
In window! Answering ... 
Printed packet 102 payload
ACK sent -> 103

	******

Packet received
Processing ... 
In window! Answering ... 
Printed packet 103 payload
ACK sent -> 104

	******

Packet received
Processing ... 
In window! Answering ... 
Printed packet 104 payload
ACK sent -> 105

	******

Packet received
Processing ... 
In window! Answering ... 
Printed packet 105 payload
ACK sent -> 106

	******

Packet received
Processing ... 
In window! Answering ... 
Printed packet 106 payload
ACK sent -> 107

	******

Packet received
Processing ... 
In window! Answering ... 
Printed packet 107 payload
ACK sent -> 108

	******

Packet received
Processing ... 
In window! Answering ... 
Printed packet 108 payload
ACK sent -> 109

	******

Packet received
Processing ... 
In window! Answering ... 
Printed packet 109 payload
ACK sent -> 110

	******

Packet received
Processing ... 
In window! Answering ... 
Printed packet 110 payload
ACK sent -> 111

	******

Packet received
Processing ... 
In window! Answering ... 
Printed packet 111 payload
ACK sent -> 112

	******

Packet received
Processing ... 
In window! Answering ... 
Printed packet 112 payload
ACK sent -> 113

	******

Packet received
Processing ... 
In window! Answering ... 
Printed packet 113 payload
ACK sent -> 114

	******

Packet received
Processing ... 
In window! Answering ... 
Printed packet 114 payload
ACK sent -> 115

	******

Packet received
Processing ... 
In window! Answering ... 
Printed packet 115 payload
ACK sent -> 116

	******

Packet received
Processing ... 
In window! Answering ... 
Printed packet 116 payload
ACK sent -> 117

	******

Packet received
Processing ... 
In window! Answering ... 
Printed packet 117 payload
ACK sent -> 118

	******

Packet received
Processing ... 
In window! Answering ... 
Printed packet 118 payload
ACK sent -> 119

	******

Packet received
Processing ... 
In window! Answering ... 
Printed packet 119 payload
ACK sent -> 120

	******

Packet received
Processing ... 
In window! Answering ... 
Printed packet 120 payload
ACK sent -> 121

	******

Packet received
Processing ... 
In window! Answering ... 
Printed packet 121 payload
ACK sent -> 122

	******

Packet received
Processing ... 
In window! Answering ... 
Printed packet 122 payload
ACK sent -> 123

	******

Packet received
Processing ... 
In window! Answering ... 
Printed packet 123 payload
ACK sent -> 124

	******

Packet received
Processing ... 
In window! Answering ... 
Printed packet 124 payload
ACK sent -> 125

	******

Packet received
Processing ... 
In window! Answering ... 
Printed packet 125 payload
ACK sent -> 126

	******

Packet received
Processing ... 
In window! Answering ... 
Printed packet 126 payload
ACK sent -> 127

	******

Packet received
Processing ... 
In window! Answering ... 
Printed packet 127 payload
ACK sent -> 128

	******

Packet received
Processing ... 
In window! Answering ... 
Printed packet 128 payload
ACK sent -> 129

	******

Packet received
Processing ... 
In window! Answering ... 
Printed packet 129 payload
ACK sent -> 130

	******

Packet received
Processing ... 
In window! Answering ... 
Printed packet 130 payload
ACK sent -> 131

	******

Packet received
Processing ... 
In window! Answering ... 
Printed packet 131 payload
ACK sent -> 132

	******

Packet received
Processing ... 
In window! Answering ... 
Printed packet 132 payload
ACK sent -> 133

	******

Packet received
Processing ... 
In window! Answering ... 
Printed packet 133 payload
ACK sent -> 134

	******

Packet received
Processing ... 
In window! Answering ... 
Printed packet 134 payload
ACK sent -> 135

	******

Packet received
Processing ... 
In window! Answering ... 
Printed packet 135 payload
ACK sent -> 136

	******

Packet received
Processing ... 
In window! Answering ... 
Printed packet 136 payload
ACK sent -> 137

	******

Packet received
Processing ... 
In window! Answering ... 
Printed packet 137 payload
ACK sent -> 138

	******

Packet received
Processing ... 
In window! Answering ... 
Printed packet 138 payload
ACK sent -> 139

	******

Packet received
Processing ... 
In window! Answering ... 
Printed packet 139 payload
ACK sent -> 140

	******

Packet received
Processing ... 
In window! Answering ... 
Printed packet 140 payload
ACK sent -> 141

	******

Packet received
Processing ... 
In window! Answering ... 
Printed packet 141 payload
ACK sent -> 142

	******

Packet received
Processing ... 
In window! Answering ... 
Printed packet 142 payload
ACK sent -> 143

	******

Packet received
Processing ... 
In window! Answering ... 
Printed packet 143 payload
ACK sent -> 144

	******

Packet received
Processing ... 
In window! Answering ... 
Printed packet 144 payload
ACK sent -> 145

	******

Packet received
Processing ... 
In window! Answering ... 
Printed packet 145 payload
ACK sent -> 146

	******

Packet received
Processing ... 
In window! Answering ... 
Printed packet 146 payload
ACK sent -> 147

	******

Packet received
Processing ... 
In window! Answering ... 
Printed packet 147 payload
ACK sent -> 148

	******

Packet received
Processing ... 
In window! Answering ... 
Printed packet 148 payload
ACK sent -> 149

	******

Packet received
Processing ... 
In window! Answering ... 
Printed packet 149 payload
ACK sent -> 150

	******

Packet received
Processing ... 
In window! Answering ... 
Printed packet 150 payload
ACK sent -> 151

	******

Packet received
Processing ... 
In window! Answering ... 
Printed packet 151 payload
ACK sent -> 152

	******

Packet received
Processing ... 
In window! Answering ... 
Printed packet 152 payload
ACK sent -> 153

	******

Packet received
Processing ... 
In window! Answering ... 
Printed packet 153 payload
ACK sent -> 154

	******

Packet received
Processing ... 
In window! Answering ... 
Printed packet 154 payload
ACK sent -> 155

	******

Packet received
Processing ... 
In window! Answering ... 
Printed packet 155 payload
ACK sent -> 156

	******

Packet received
Processing ... 
In window! Answering ... 
Printed packet 156 payload
ACK sent -> 157

	******

Packet received
Processing ... 
In window! Answering ... 
Printed packet 157 payload
ACK sent -> 158

	******

Packet received
Processing ... 
In window! Answering ... 
Printed packet 158 payload
ACK sent -> 159

	******

Packet received
Processing ... 
In window! Answering ... 
Printed packet 159 payload
ACK sent -> 160

	******

Packet received
Processing ... 
In window! Answering ... 
Printed packet 160 payload
ACK sent -> 161

	******

Packet received
Processing ... 
In window! Answering ... 
Printed packet 161 payload
ACK sent -> 162

	******

Packet received
Processing ... 
In window! Answering ... 
Printed packet 162 payload
ACK sent -> 163

	******

Packet received
Processing ... 
In window! Answering ... 
Printed packet 163 payload
ACK sent -> 164

	******

Packet received
Processing ... 
In window! Answering ... 
Printed packet 164 payload
ACK sent -> 165

	******

Packet received
Processing ... 
In window! Answering ... 
Printed packet 165 payload
ACK sent -> 166

	******

Packet received
Processing ... 
In window! Answering ... 
Printed packet 166 payload
ACK sent -> 167

	******

Packet received
Processing ... 
In window! Answering ... 
Printed packet 167 payload
ACK sent -> 168

	******

Packet received
Processing ... 
In window! Answering ... 
Printed packet 168 payload
ACK sent -> 169

	******

Packet received
Processing ... 
In window! Answering ... 
Printed packet 169 payload
ACK sent -> 170

	******

Packet received
Processing ... 
In window! Answering ... 
Printed packet 170 payload
ACK sent -> 171

	******

Packet received
Processing ... 
In window! Answering ... 
Printed packet 171 payload
ACK sent -> 172

	******

Packet received
Processing ... 
In window! Answering ... 
Printed packet 172 payload
ACK sent -> 173

	******

Packet received
Processing ... 
In window! Answering ... 
Printed packet 173 payload
ACK sent -> 174

	******

Packet received
Processing ... 
In window! Answering ... 
Printed packet 174 payload
ACK sent -> 175

	******

Packet received
Processing ... 
In window! Answering ... 
Printed packet 175 payload
ACK sent -> 176

	******

Packet received
Processing ... 
In window! Answering ... 
Printed packet 176 payload
ACK sent -> 177

	******

Packet received
Processing ... 
In window! Answering ... 
Printed packet 177 payload
ACK sent -> 178

	******

Packet received
Processing ... 
In window! Answering ... 
Printed packet 178 payload
ACK sent -> 179

	******

Packet received
Processing ... 
In window! Answering ... 
Printed packet 179 payload
ACK sent -> 180

	******

Packet received
Processing ... 
In window! Answering ... 
Printed packet 180 payload
ACK sent -> 181

	******

Packet received
Processing ... 
In window! Answering ... 
Printed packet 181 payload
ACK sent -> 182

	******

Packet received
Processing ... 
In window! Answering ... 
Printed packet 182 payload
ACK sent -> 183

	******

Packet received
Processing ... 
In window! Answering ... 
Printed packet 183 payload
ACK sent -> 184

	******

Packet received
Processing ... 
In window! Answering ... 
Printed packet 184 payload
ACK sent -> 185

	******

Packet received
Processing ... 
In window! Answering ... 
Printed packet 185 payload
ACK sent -> 186

	******

Packet received
Processing ... 
In window! Answering ... 
Printed packet 186 payload
ACK sent -> 187

	******

Packet received
Processing ... 
In window! Answering ... 
Printed packet 187 payload
ACK sent -> 188

	******

Packet received
Processing ... 
In window! Answering ... 
Printed packet 188 payload
ACK sent -> 189

	******

Packet received
Processing ... 
In window! Answering ... 
Printed packet 189 payload
ACK sent -> 190

	******

Packet received
Processing ... 
In window! Answering ... 
Printed packet 190 payload
ACK sent -> 191

	******

Packet received
Processing ... 
In window! Answering ... 
Printed packet 191 payload
ACK sent -> 192

	******

Packet received
Processing ... 
In window! Answering ... 
Printed packet 192 payload
ACK sent -> 193

	******

Packet received
Processing ... 
In window! Answering ... 
Printed packet 193 payload
ACK sent -> 194

	******

Packet received
Processing ... 
In window! Answering ... 
Printed packet 194 payload
ACK sent -> 195

	******

Packet received
Processing ... 
In window! Answering ... 
Printed packet 195 payload
ACK sent -> 196

	******

Packet received
Processing ... 
In window! Answering ... 
Printed packet 196 payload
ACK sent -> 197

	******

Packet received
Processing ... 
In window! Answering ... 
Printed packet 197 payload
ACK sent -> 198

	******

Packet received
Processing ... 
In window! Answering ... 
Printed packet 198 payload
ACK sent -> 199

	******

Packet received
Processing ... 
In window! Answering ... 
Printed packet 199 payload
ACK sent -> 200

	******

Packet received
Processing ... 
In window! Answering ... 
Printed packet 200 payload
ACK sent -> 201

	******

Packet received
Processing ... 
In window! Answering ... 
Printed packet 201 payload
ACK sent -> 202

	******

Packet received
Processing ... 
In window! Answering ... 
Printed packet 202 payload
ACK sent -> 203

	******

Packet received
Processing ... 
In window! Answering ... 
Printed packet 203 payload
ACK sent -> 204

	******

Packet received
Processing ... 
In window! Answering ... 
Printed packet 204 payload
ACK sent -> 205

	******

Packet received
Processing ... 
In window! Answering ... 
Printed packet 205 payload
ACK sent -> 206

	******

Packet received
Processing ... 
In window! Answering ... 
Printed packet 206 payload
ACK sent -> 207

	******

Packet received
Processing ... 
In window! Answering ... 
Printed packet 207 payload
ACK sent -> 208

	******

Packet received
Processing ... 
In window! Answering ... 
Printed packet 208 payload
ACK sent -> 209

	******

Packet received
Processing ... 
In window! Answering ... 
Printed packet 209 payload
ACK sent -> 210

	******

Packet received
Processing ... 
In window! Answering ... 
Printed packet 210 payload
ACK sent -> 211

	******

Packet received
Processing ... 
In window! Answering ... 
Printed packet 211 payload
ACK sent -> 212

	******

Packet received
Processing ... 
In window! Answering ... 
Printed packet 212 payload
ACK sent -> 213

	******

Packet received
Processing ... 
In window! Answering ... 
Printed packet 213 payload
ACK sent -> 214

	******

Packet received
Processing ... 
In window! Answering ... 
Printed packet 214 payload
ACK sent -> 215

	******

Packet received
Processing ... 
In window! Answering ... 
Printed packet 215 payload
ACK sent -> 216

	******

Packet received
Processing ... 
In window! Answering ... 
Printed packet 216 payload
ACK sent -> 217

	******

Packet received
Processing ... 
In window! Answering ... 
Printed packet 217 payload
ACK sent -> 218

	******

Packet received
Processing ... 
In window! Answering ... 
Printed packet 218 payload
ACK sent -> 219

	******

Packet received
Processing ... 
In window! Answering ... 
Printed packet 219 payload
ACK sent -> 220

	******

Packet received
Processing ... 
In window! Answering ... 
Printed packet 220 payload
ACK sent -> 221

	******

Packet received
Processing ... 
In window! Answering ... 
Printed packet 221 payload
ACK sent -> 222

	******

Packet received
Processing ... 
In window! Answering ... 
Printed packet 222 payload
ACK sent -> 223

	******

Packet received
Processing ... 
In window! Answering ... 
Printed packet 223 payload
ACK sent -> 224

	******

Packet received
Processing ... 
In window! Answering ... 
Printed packet 224 payload
ACK sent -> 225

	******

Packet received
Processing ... 
In window! Answering ... 
Printed packet 225 payload
ACK sent -> 226

	******

Packet received
Processing ... 
In window! Answering ... 
Printed packet 226 payload
ACK sent -> 227

	******

Packet received
Processing ... 
In window! Answering ... 
Printed packet 227 payload
ACK sent -> 228

	******

Packet received
Processing ... 
In window! Answering ... 
Printed packet 228 payload
ACK sent -> 229

	******

Packet received
Processing ... 
In window! Answering ... 
Printed packet 229 payload
ACK sent -> 230

	******

Packet received
Processing ... 
In window! Answering ... 
Printed packet 230 payload
ACK sent -> 231

	******

Packet received
Processing ... 
In window! Answering ... 
Printed packet 231 payload
ACK sent -> 232

	******

Packet received
Processing ... 
In window! Answering ... 
Printed packet 232 payload
ACK sent -> 233

	******

Packet received
Processing ... 
In window! Answering ... 
Printed packet 233 payload
ACK sent -> 234

	******

Packet received
Processing ... 
In window! Answering ... 
Printed packet 234 payload
ACK sent -> 235

	******

Packet received
Processing ... 
In window! Answering ... 
Printed packet 235 payload
ACK sent -> 236

	******

Packet received
Processing ... 
In window! Answering ... 
Printed packet 236 payload
ACK sent -> 237

	******

Packet received
Processing ... 
In window! Answering ... 
Printed packet 237 payload
ACK sent -> 238

	******

Packet received
Processing ... 
In window! Answering ... 
Printed packet 238 payload
ACK sent -> 239

	******

Packet received
Processing ... 
In window! Answering ... 
Printed packet 239 payload
ACK sent -> 240

	******

Packet received
Processing ... 
In window! Answering ... 
Printed packet 240 payload
ACK sent -> 241

	******

Packet received
Processing ... 
In window! Answering ... 
Printed packet 241 payload
ACK sent -> 242

	******

Packet received
Processing ... 
In window! Answering ... 
Printed packet 242 payload
ACK sent -> 243

	******

Packet received
Processing ... 
In window! Answering ... 
Printed packet 243 payload
ACK sent -> 244

	******

Packet received
Processing ... 
In window! Answering ... 
Printed packet 244 payload
ACK sent -> 245

	******

Packet received
Processing ... 
In window! Answering ... 
Printed packet 245 payload
ACK sent -> 246

	******

Packet received
Processing ... 
In window! Answering ... 
Printed packet 246 payload
ACK sent -> 247

	******

Packet received
Processing ... 
In window! Answering ... 
Printed packet 247 payload
ACK sent -> 248

	******

Packet received
Processing ... 
In window! Answering ... 
Printed packet 248 payload
ACK sent -> 249

	******

Packet received
Processing ... 
In window! Answering ... 
Printed packet 249 payload
ACK sent -> 250

	******

Packet received
Processing ... 
In window! Answering ... 
Printed packet 250 payload
ACK sent -> 251

	******

Packet received
Processing ... 
In window! Answering ... 
Printed packet 251 payload
ACK sent -> 252

	******

Packet received
Processing ... 
In window! Answering ... 
Printed packet 252 payload
ACK sent -> 253

	******

Packet received
Processing ... 
In window! Answering ... 
Printed packet 253 payload
ACK sent -> 254

	******

Packet received
Processing ... 
In window! Answering ... 
Printed packet 254 payload
ACK sent -> 255

	******

Packet received
Processing ... 
In window! Answering ... 
Printed packet 255 payload
ACK sent -> 0

	******

Packet received
Processing ... 
In window! Answering ... 
Printed packet 0 payload
ACK sent -> 1

	******

Packet received
Processing ... 
In window! Answering ... 
Printed packet 1 payload
ACK sent -> 2

	******

Packet received
Processing ... 
In window! Answering ... 
Printed packet 2 payload
ACK sent -> 3

	******

Packet received
Processing ... 
In window! Answering ... 
Printed packet 3 payload
ACK sent -> 4

	******

Packet received
Processing ... 
In window! Answering ... 
Printed packet 4 payload
ACK sent -> 5

	******

Packet received
Processing ... 
In window! Answering ... 
Printed packet 5 payload
ACK sent -> 6

	******

Packet received
Processing ... 
In window! Answering ... 
Printed packet 6 payload
ACK sent -> 7

	******

Packet received
Processing ... 
In window! Answering ... 
Printed packet 7 payload
ACK sent -> 8

	******

Packet received
Processing ... 
In window! Answering ... 
Printed packet 8 payload
ACK sent -> 9

	******

Packet received
Processing ... 
In window! Answering ... 
Printed packet 9 payload
ACK sent -> 10

	******

Packet received
Processing ... 
In window! Answering ... 
Printed packet 10 payload
ACK sent -> 11

	******

Packet received
Processing ... 
In window! Answering ... 
Printed packet 11 payload
ACK sent -> 12

	******

Packet received
Processing ... 
In window! Answering ... 
Printed packet 12 payload
ACK sent -> 13

	******

Packet received
Processing ... 
In window! Answering ... 
Printed packet 13 payload
ACK sent -> 14

	******

Packet received
Processing ... 
In window! Answering ... 
Printed packet 14 payload
ACK sent -> 15

	******

Packet received
Processing ... 
In window! Answering ... 
Printed packet 15 payload
ACK sent -> 16

	******

Packet received
Processing ... 
In window! Answering ... 
Printed packet 16 payload
ACK sent -> 17

	******

Packet received
Processing ... 
In window! Answering ... 
Printed packet 17 payload
ACK sent -> 18

	******

Packet received
Processing ... 
In window! Answering ... 
Printed packet 18 payload
ACK sent -> 19

	******

Packet received
Processing ... 
In window! Answering ... 
Printed packet 19 payload
ACK sent -> 20

	******

Packet received
Processing ... 
In window! Answering ... 
Printed packet 20 payload
ACK sent -> 21

	******

Packet received
Processing ... 
In window! Answering ... 
Printed packet 21 payload
ACK sent -> 22

	******

Packet received
Processing ... 
In window! Answering ... 
Printed packet 22 payload
ACK sent -> 23

	******

Packet received
Processing ... 
In window! Answering ... 
Printed packet 23 payload
ACK sent -> 24

	******

Packet received
Processing ... 
In window! Answering ... 
Printed packet 24 payload
ACK sent -> 25

	******

Packet received
Processing ... 
In window! Answering ... 
Printed packet 25 payload
ACK sent -> 26

	******

Packet received
Processing ... 
In window! Answering ... 
Printed packet 26 payload
ACK sent -> 27

	******

Packet received
Processing ... 
In window! Answering ... 
Printed packet 27 payload
ACK sent -> 28

	******

Packet received
Processing ... 
In window! Answering ... 
Printed packet 28 payload
ACK sent -> 29

	******

Packet received
Processing ... 
In window! Answering ... 
Printed packet 29 payload
ACK sent -> 30

	******

Packet received
Processing ... 
In window! Answering ... 
Printed packet 30 payload
ACK sent -> 31

	******

Packet received
Processing ... 
In window! Answering ... 
Printed packet 31 payload
ACK sent -> 32

	******

Packet received
Processing ... 
In window! Answering ... 
Printed packet 32 payload
ACK sent -> 33

	******

Packet received
Processing ... 
In window! Answering ... 
Printed packet 33 payload
ACK sent -> 34

	******

Packet received
Processing ... 
In window! Answering ... 
Printed packet 34 payload
ACK sent -> 35

	******

Packet received
Processing ... 
In window! Answering ... 
Printed packet 35 payload
ACK sent -> 36

	******

Packet received
Processing ... 
In window! Answering ... 
Printed packet 36 payload
ACK sent -> 37

	******

Packet received
Processing ... 
In window! Answering ... 
Printed packet 37 payload
ACK sent -> 38

	******

Packet received
Processing ... 
In window! Answering ... 
Printed packet 38 payload
ACK sent -> 39

	******

Packet received
Processing ... 
In window! Answering ... 
Printed packet 39 payload
ACK sent -> 40

	******

Packet received
Processing ... 
In window! Answering ... 
Printed packet 40 payload
ACK sent -> 41

	******

Packet received
Processing ... 
In window! Answering ... 
Printed packet 41 payload
ACK sent -> 42

	******

Packet received
Processing ... 
In window! Answering ... 
Printed packet 42 payload
ACK sent -> 43

	******

Packet received
Processing ... 
In window! Answering ... 
Printed packet 43 payload
ACK sent -> 44

	******

Packet received
Processing ... 
In window! Answering ... 
Printed packet 44 payload
ACK sent -> 45

	******

Packet received
Processing ... 
In window! Answering ... 
Printed packet 45 payload
ACK sent -> 46

	******

Packet received
Processing ... 
In window! Answering ... 
Printed packet 46 payload
ACK sent -> 47

	******

Packet received
Processing ... 
In window! Answering ... 
Printed packet 47 payload
ACK sent -> 48

	******

Packet received
Processing ... 
In window! Answering ... 
Printed packet 48 payload
ACK sent -> 49

	******

Packet received
Processing ... 
In window! Answering ... 
Printed packet 49 payload
ACK sent -> 50

	******

Packet received
Processing ... 
In window! Answering ... 
Printed packet 50 payload
ACK sent -> 51

	******

Packet received
Processing ... 
In window! Answering ... 
Printed packet 51 payload
ACK sent -> 52

	******

Packet received
Processing ... 
In window! Answering ... 
Printed packet 52 payload
ACK sent -> 53

	******

Packet received
Processing ... 
In window! Answering ... 
Printed packet 53 payload
ACK sent -> 54

	******

Packet received
Processing ... 
In window! Answering ... 
Printed packet 54 payload
ACK sent -> 55

	******

Packet received
Processing ... 
In window! Answering ... 
Printed packet 55 payload
ACK sent -> 56

	******

Packet received
Processing ... 
In window! Answering ... 
Printed packet 56 payload
ACK sent -> 57

	******

Packet received
Processing ... 
In window! Answering ... 
Printed packet 57 payload
ACK sent -> 58

	******

Packet received
Processing ... 
In window! Answering ... 
Printed packet 58 payload
ACK sent -> 59

	******

Packet received
Processing ... 
In window! Answering ... 
Printed packet 59 payload
ACK sent -> 60

	******

Packet received
Processing ... 
In window! Answering ... 
Printed packet 60 payload
ACK sent -> 61

	******

Packet received
Processing ... 
In window! Answering ... 
Printed packet 61 payload
ACK sent -> 62

	******

Packet received
Processing ... 
In window! Answering ... 
Printed packet 62 payload
ACK sent -> 63

	******

Packet received
Processing ... 
In window! Answering ... 
Printed packet 63 payload
ACK sent -> 64

	******

Packet received
Processing ... 
In window! Answering ... 
Printed packet 64 payload
ACK sent -> 65

	******

Packet received
Processing ... 
In window! Answering ... 
Printed packet 65 payload
ACK sent -> 66

	******

Packet received
Processing ... 
In window! Answering ... 
Printed packet 66 payload
ACK sent -> 67

	******

Packet received
Processing ... 
In window! Answering ... 
Printed packet 67 payload
ACK sent -> 68

	******

Packet received
Processing ... 
In window! Answering ... 
Printed packet 68 payload
ACK sent -> 69

	******

Packet received
Processing ... 
In window! Answering ... 
Printed packet 69 payload
ACK sent -> 70

	******

Packet received
Processing ... 
In window! Answering ... 
Printed packet 70 payload
ACK sent -> 71

	******

Packet received
Processing ... 
In window! Answering ... 
Printed packet 71 payload
ACK sent -> 72

	******

Packet received
Processing ... 
In window! Answering ... 
Printed packet 72 payload
ACK sent -> 73

	******

Packet received
Processing ... 
In window! Answering ... 
Printed packet 73 payload
ACK sent -> 74

	******

Packet received
Processing ... 
In window! Answering ... 
Printed packet 74 payload
ACK sent -> 75

	******

Packet received
Processing ... 
In window! Answering ... 
Printed packet 75 payload
ACK sent -> 76

	******

Packet received
Processing ... 
In window! Answering ... 
Printed packet 76 payload
ACK sent -> 77

	******

Packet received
Processing ... 
In window! Answering ... 
Printed packet 77 payload
ACK sent -> 78

	******

Packet received
Processing ... 
In window! Answering ... 
Printed packet 78 payload
ACK sent -> 79

	******

Packet received
Processing ... 
In window! Answering ... 
Printed packet 79 payload
ACK sent -> 80

	******

Packet received
Processing ... 
In window! Answering ... 
Printed packet 80 payload
ACK sent -> 81

	******

Packet received
Processing ... 
In window! Answering ... 
Printed packet 81 payload
ACK sent -> 82

	******

Packet received
Processing ... 
In window! Answering ... 
Printed packet 82 payload
ACK sent -> 83

	******

Packet received
Processing ... 
In window! Answering ... 
Printed packet 83 payload
ACK sent -> 84

	******

Packet received
Processing ... 
In window! Answering ... 
Printed packet 84 payload
ACK sent -> 85

	******

Packet received
Processing ... 
In window! Answering ... 
Printed packet 85 payload
ACK sent -> 86

	******

Packet received
Processing ... 
In window! Answering ... 
Printed packet 86 payload
ACK sent -> 87

	******

Packet received
Processing ... 
In window! Answering ... 
Printed packet 87 payload
ACK sent -> 88

	******

Packet received
Processing ... 
In window! Answering ... 
Printed packet 88 payload
ACK sent -> 89

	******

Packet received
Processing ... 
In window! Answering ... 
Printed packet 89 payload
ACK sent -> 90

	******

Packet received
Processing ... 
In window! Answering ... 
Printed packet 90 payload
ACK sent -> 91

	******

Packet received
Processing ... 
In window! Answering ... 
Printed packet 91 payload
ACK sent -> 92

	******

Packet received
Processing ... 
In window! Answering ... 
Printed packet 92 payload
ACK sent -> 93

	******

Packet received
Processing ... 
In window! Answering ... 
Printed packet 93 payload
ACK sent -> 94

	******

Packet received
Processing ... 
In window! Answering ... 
Printed packet 94 payload
ACK sent -> 95

	******

Packet received
Processing ... 
In window! Answering ... 
Printed packet 95 payload
ACK sent -> 96

	******

Packet received
Processing ... 
In window! Answering ... 
Printed packet 96 payload
ACK sent -> 97

	******

Packet received
Processing ... 
In window! Answering ... 
Printed packet 97 payload
ACK sent -> 98

	******

Packet received
Processing ... 
In window! Answering ... 
Printed packet 98 payload
ACK sent -> 99

	******

Packet received
Processing ... 
In window! Answering ... 
Printed packet 99 payload
ACK sent -> 100

	******

Packet received
Processing ... 
In window! Answering ... 
Printed packet 100 payload
ACK sent -> 101

	******

Packet received
Processing ... 
In window! Answering ... 
Printed packet 101 payload
ACK sent -> 102

	******

Packet received
Processing ... 
In window! Answering ... 
Printed packet 102 payload
ACK sent -> 103

	******

Packet received
Processing ... 
In window! Answering ... 
Printed packet 103 payload
ACK sent -> 104

	******

Packet received
Processing ... 
In window! Answering ... 
Printed packet 104 payload
ACK sent -> 105

	******

Packet received
Processing ... 
In window! Answering ... 
Printed packet 105 payload
ACK sent -> 106

	******

Packet received
Processing ... 
In window! Answering ... 
Printed packet 106 payload
ACK sent -> 107

	******

Packet received
Processing ... 
In window! Answering ... 
Printed packet 107 payload
ACK sent -> 108

	******

Packet received
Processing ... 
In window! Answering ... 
Printed packet 108 payload
ACK sent -> 109

	******

Packet received
Processing ... 
In window! Answering ... 
Printed packet 109 payload
ACK sent -> 110

	******

Packet received
Processing ... 
In window! Answering ... 
Printed packet 110 payload
ACK sent -> 111

	******

Packet received
Processing ... 
In window! Answering ... 
Printed packet 111 payload
ACK sent -> 112

	******

Packet received
Processing ... 
In window! Answering ... 
Printed packet 112 payload
ACK sent -> 113

	******

Packet received
Processing ... 
In window! Answering ... 
Printed packet 113 payload
ACK sent -> 114

	******

Packet received
Processing ... 
In window! Answering ... 
Printed packet 114 payload
ACK sent -> 115

	******

Packet received
Processing ... 
In window! Answering ... 
Printed packet 115 payload
ACK sent -> 116

	******

Packet received
Processing ... 
In window! Answering ... 
Printed packet 116 payload
ACK sent -> 117

	******

Packet received
Processing ... 
In window! Answering ... 
Printed packet 117 payload
ACK sent -> 118

	******

Packet received
Processing ... 
In window! Answering ... 
Printed packet 118 payload
ACK sent -> 119

	******

Packet received
Processing ... 
In window! Answering ... 
Printed packet 119 payload
ACK sent -> 120

	******

Packet received
Processing ... 
In window! Answering ... 
Printed packet 120 payload
ACK sent -> 121

	******

Packet received
Processing ... 
In window! Answering ... 
Printed packet 121 payload
ACK sent -> 122

	******

Packet received
Processing ... 
In window! Answering ... 
Printed packet 122 payload
ACK sent -> 123

	******

Packet received
Processing ... 
In window! Answering ... 
Printed packet 123 payload
ACK sent -> 124

	******

Packet received
Processing ... 
In window! Answering ... 
Printed packet 124 payload
ACK sent -> 125

	******

Packet received
Processing ... 
In window! Answering ... 
Printed packet 125 payload
ACK sent -> 126

	******

Packet received
Processing ... 
In window! Answering ... 
Printed packet 126 payload
ACK sent -> 127

	******

Packet received
Processing ... 
In window! Answering ... 
Printed packet 127 payload
ACK sent -> 128

	******

Packet received
Processing ... 
In window! Answering ... 
Printed packet 128 payload
ACK sent -> 129

	******

Packet received
Processing ... 
In window! Answering ... 
Printed packet 129 payload
ACK sent -> 130

	******

Packet received
Processing ... 
In window! Answering ... 
Printed packet 130 payload
ACK sent -> 131

	******

Packet received
Processing ... 
In window! Answering ... 
Printed packet 131 payload
ACK sent -> 132

	******

Packet received
Processing ... 
In window! Answering ... 
Printed packet 132 payload
ACK sent -> 133

	******

Packet received
Processing ... 
In window! Answering ... 
Printed packet 133 payload
ACK sent -> 134

	******

Packet received
Processing ... 
In window! Answering ... 
Printed packet 134 payload
ACK sent -> 135

	******

Packet received
Processing ... 
In window! Answering ... 
Printed packet 135 payload
ACK sent -> 136

	******

Packet received
Processing ... 
In window! Answering ... 
Printed packet 136 payload
ACK sent -> 137

	******

Packet received

	******

Final packet received correctly
